TN:
SF:src/config/configuration.ts
FN:12,(anonymous_11)
FN:32,(anonymous_12)
FN:36,(anonymous_13)
FN:40,(anonymous_14)
FN:44,(anonymous_15)
FNF:5
FNH:0
FNDA:0,(anonymous_11)
FNDA:0,(anonymous_12)
FNDA:0,(anonymous_13)
FNDA:0,(anonymous_14)
FNDA:0,(anonymous_15)
DA:1,5
DA:2,5
DA:3,5
DA:6,5
DA:9,5
DA:14,0
DA:19,0
DA:25,0
DA:26,0
DA:29,0
DA:33,0
DA:37,0
DA:41,0
DA:45,0
LF:14
LH:5
BRDA:25,0,0,0
BRF:1
BRH:0
end_of_record
TN:
SF:src/config/schema.ts
FNF:0
FNH:0
DA:1,5
DA:3,5
LF:2
LH:2
BRF:0
BRH:0
end_of_record
TN:
SF:src/core/auth/guards/local.guard.ts
FN:12,(anonymous_0)
FN:13,(anonymous_1)
FN:34,(anonymous_2)
FN:43,(anonymous_3)
FN:44,(anonymous_4)
FN:46,(anonymous_5)
FN:47,(anonymous_6)
FNF:7
FNH:1
FNDA:7,(anonymous_0)
FNDA:0,(anonymous_1)
FNDA:0,(anonymous_2)
FNDA:0,(anonymous_3)
FNDA:0,(anonymous_4)
FNDA:0,(anonymous_5)
FNDA:0,(anonymous_6)
DA:1,3
DA:5,3
DA:12,3
DA:13,7
DA:14,0
DA:15,0
DA:17,0
DA:18,0
DA:21,0
DA:22,0
DA:23,0
DA:25,0
DA:26,0
DA:30,0
DA:33,0
DA:34,0
DA:37,0
DA:38,0
DA:39,0
DA:42,0
DA:43,0
DA:44,0
DA:46,0
DA:47,0
DA:48,0
DA:51,0
DA:52,0
DA:59,0
DA:61,0
LF:29
LH:4
BRDA:12,0,0,0
BRDA:15,1,0,0
BRDA:15,1,1,0
BRDA:17,2,0,0
BRDA:17,3,0,0
BRDA:17,3,1,0
BRDA:25,4,0,0
BRDA:33,5,0,0
BRDA:37,6,0,0
BRDA:38,7,0,0
BRDA:38,7,1,0
BRDA:42,8,0,0
BRDA:42,8,1,0
BRDA:51,9,0,0
BRF:14
BRH:0
end_of_record
TN:
SF:src/core/common/index.ts
FNF:0
FNH:0
DA:2,4
DA:5,4
DA:8,4
DA:11,4
DA:14,4
DA:17,4
DA:18,4
LF:7
LH:7
BRF:0
BRH:0
end_of_record
TN:
SF:src/core/common/controller/base.controller.ts
FN:32,(anonymous_2)
FN:37,(anonymous_3)
FN:62,(anonymous_4)
FN:84,(anonymous_5)
FN:92,(anonymous_6)
FN:143,(anonymous_7)
FN:167,(anonymous_8)
FN:191,(anonymous_9)
FN:233,(anonymous_10)
FN:238,(anonymous_11)
FN:241,(anonymous_12)
FN:251,(anonymous_13)
FN:260,(anonymous_14)
FN:261,(anonymous_15)
FN:264,(anonymous_16)
FN:275,(anonymous_17)
FNF:16
FNH:1
FNDA:23,(anonymous_2)
FNDA:0,(anonymous_3)
FNDA:0,(anonymous_4)
FNDA:0,(anonymous_5)
FNDA:0,(anonymous_6)
FNDA:0,(anonymous_7)
FNDA:0,(anonymous_8)
FNDA:0,(anonymous_9)
FNDA:0,(anonymous_10)
FNDA:0,(anonymous_11)
FNDA:0,(anonymous_12)
FNDA:0,(anonymous_13)
FNDA:0,(anonymous_14)
FNDA:0,(anonymous_15)
FNDA:0,(anonymous_16)
FNDA:0,(anonymous_17)
DA:1,4
DA:2,4
DA:3,4
DA:9,4
DA:10,4
DA:13,4
DA:23,4
DA:28,4
DA:32,23
DA:33,23
DA:34,23
DA:43,0
DA:44,0
DA:45,0
DA:46,0
DA:49,0
DA:62,4
DA:63,0
DA:64,0
DA:65,0
DA:69,0
DA:84,4
DA:85,0
DA:87,0
DA:88,0
DA:90,0
DA:91,0
DA:92,0
DA:94,0
DA:95,0
DA:99,0
DA:102,0
DA:103,0
DA:105,0
DA:106,0
DA:107,0
DA:108,0
DA:109,0
DA:111,0
DA:115,0
DA:116,0
DA:118,0
DA:130,0
DA:143,4
DA:144,0
DA:145,0
DA:146,0
DA:147,0
DA:148,0
DA:150,0
DA:154,0
DA:167,4
DA:168,0
DA:169,0
DA:170,0
DA:171,0
DA:172,0
DA:174,0
DA:178,0
DA:191,4
DA:192,0
DA:193,0
DA:194,0
DA:195,0
DA:196,0
DA:198,0
DA:199,0
DA:200,0
DA:202,0
DA:205,0
DA:206,0
DA:210,0
DA:213,0
DA:214,0
DA:215,0
DA:216,0
DA:225,0
DA:234,0
DA:235,0
DA:236,0
DA:238,0
DA:242,0
DA:252,0
DA:254,0
DA:261,0
DA:265,0
DA:269,0
DA:270,0
DA:272,0
DA:276,0
LF:90
LH:16
BRDA:45,0,0,0
BRDA:45,1,0,0
BRDA:45,1,1,0
BRDA:90,2,0,0
BRDA:92,3,0,0
BRDA:92,3,1,0
BRDA:105,4,0,0
BRDA:105,4,1,0
BRDA:107,5,0,0
BRDA:107,5,1,0
BRDA:115,6,0,0
BRDA:115,6,1,0
BRDA:116,7,0,0
BRDA:116,7,1,0
BRDA:146,8,0,0
BRDA:170,9,0,0
BRDA:194,10,0,0
BRDA:195,11,0,0
BRDA:195,11,1,0
BRDA:205,12,0,0
BRDA:205,12,1,0
BRDA:213,13,0,0
BRDA:213,13,1,0
BRDA:215,14,0,0
BRDA:215,14,1,0
BRDA:221,15,0,0
BRDA:221,15,1,0
BRDA:235,16,0,0
BRDA:235,16,1,0
BRDA:240,17,0,0
BRDA:240,17,1,0
BRDA:265,18,0,0
BRDA:265,18,1,0
BRDA:267,19,0,0
BRDA:267,19,1,0
BRDA:270,20,0,0
BRDA:270,20,1,0
BRDA:276,21,0,0
BRDA:276,21,1,0
BRDA:62,22,0,0
BRDA:62,22,1,4
BRDA:62,23,0,4
BRDA:62,23,1,0
BRDA:62,24,0,0
BRDA:62,24,1,4
BRDA:62,25,0,4
BRDA:62,25,1,0
BRDA:62,26,0,0
BRDA:62,26,1,4
BRDA:62,27,0,4
BRDA:62,27,1,0
BRDA:62,28,0,4
BRDA:62,28,1,0
BRDA:62,29,0,4
BRDA:62,29,1,4
BRDA:84,30,0,0
BRDA:84,30,1,4
BRDA:84,31,0,4
BRDA:84,31,1,0
BRDA:84,32,0,0
BRDA:84,32,1,4
BRDA:84,33,0,4
BRDA:84,33,1,0
BRDA:84,34,0,0
BRDA:84,34,1,4
BRDA:84,35,0,4
BRDA:84,35,1,0
BRDA:84,36,0,4
BRDA:84,36,1,0
BRDA:84,37,0,4
BRDA:84,37,1,4
BRDA:143,38,0,0
BRDA:143,38,1,4
BRDA:143,39,0,4
BRDA:143,39,1,0
BRDA:143,40,0,0
BRDA:143,40,1,4
BRDA:143,41,0,4
BRDA:143,41,1,0
BRDA:143,42,0,0
BRDA:143,42,1,4
BRDA:143,43,0,4
BRDA:143,43,1,0
BRDA:143,44,0,4
BRDA:143,44,1,0
BRDA:143,45,0,4
BRDA:143,45,1,4
BRDA:167,46,0,0
BRDA:167,46,1,4
BRDA:167,47,0,4
BRDA:167,47,1,0
BRDA:167,48,0,0
BRDA:167,48,1,4
BRDA:167,49,0,4
BRDA:167,49,1,0
BRDA:167,50,0,0
BRDA:167,50,1,4
BRDA:167,51,0,4
BRDA:167,51,1,0
BRDA:167,52,0,4
BRDA:167,52,1,0
BRDA:167,53,0,4
BRDA:167,53,1,4
BRDA:191,54,0,0
BRDA:191,54,1,4
BRDA:191,55,0,4
BRDA:191,55,1,0
BRDA:191,56,0,0
BRDA:191,56,1,4
BRDA:191,57,0,4
BRDA:191,57,1,0
BRDA:191,58,0,4
BRDA:191,58,1,0
BRDA:191,59,0,4
BRDA:191,59,1,4
BRDA:32,60,0,0
BRDA:32,60,1,4
BRDA:32,61,0,4
BRDA:32,61,1,0
BRF:119
BRH:45
end_of_record
TN:
SF:src/core/common/dao/base.dao.ts
FN:30,(anonymous_1)
FN:40,(anonymous_2)
FN:49,(anonymous_3)
FN:72,(anonymous_4)
FN:85,(anonymous_5)
FN:95,(anonymous_6)
FN:109,(anonymous_7)
FN:113,(anonymous_8)
FN:138,(anonymous_9)
FN:153,(anonymous_10)
FN:168,(anonymous_11)
FN:190,(anonymous_12)
FN:237,(anonymous_13)
FN:257,(anonymous_14)
FN:287,(anonymous_15)
FN:317,(anonymous_16)
FN:327,(anonymous_17)
FN:337,(anonymous_18)
FN:345,(anonymous_19)
FNF:19
FNH:0
FNDA:0,(anonymous_1)
FNDA:0,(anonymous_2)
FNDA:0,(anonymous_3)
FNDA:0,(anonymous_4)
FNDA:0,(anonymous_5)
FNDA:0,(anonymous_6)
FNDA:0,(anonymous_7)
FNDA:0,(anonymous_8)
FNDA:0,(anonymous_9)
FNDA:0,(anonymous_10)
FNDA:0,(anonymous_11)
FNDA:0,(anonymous_12)
FNDA:0,(anonymous_13)
FNDA:0,(anonymous_14)
FNDA:0,(anonymous_15)
FNDA:0,(anonymous_16)
FNDA:0,(anonymous_17)
FNDA:0,(anonymous_18)
FNDA:0,(anonymous_19)
DA:13,4
DA:16,4
DA:26,4
DA:28,0
DA:31,0
DA:32,0
DA:34,0
DA:41,0
DA:50,0
DA:51,0
DA:52,0
DA:63,0
DA:73,0
DA:77,0
DA:86,0
DA:87,0
DA:96,0
DA:98,0
DA:99,0
DA:102,0
DA:103,0
DA:107,0
DA:108,0
DA:109,0
DA:110,0
DA:112,0
DA:113,0
DA:114,0
DA:115,0
DA:116,0
DA:117,0
DA:129,0
DA:130,0
DA:132,0
DA:133,0
DA:137,0
DA:138,0
DA:139,0
DA:143,0
DA:145,0
DA:165,0
DA:167,0
DA:168,0
DA:169,0
DA:170,0
DA:172,0
DA:182,0
DA:205,0
DA:206,0
DA:209,0
DA:211,0
DA:212,0
DA:213,0
DA:214,0
DA:216,0
DA:220,0
DA:221,0
DA:223,0
DA:226,0
DA:231,0
DA:232,0
DA:236,0
DA:237,0
DA:238,0
DA:239,0
DA:241,0
DA:251,0
DA:260,0
DA:261,0
DA:264,0
DA:267,0
DA:268,0
DA:272,0
DA:275,0
DA:278,0
DA:291,0
DA:296,0
DA:297,0
DA:298,0
DA:299,0
DA:301,0
DA:304,0
DA:305,0
DA:306,0
DA:309,0
DA:318,0
DA:319,0
DA:328,0
DA:329,0
DA:338,0
DA:342,0
DA:346,0
LF:92
LH:3
BRDA:98,0,0,0
BRDA:102,1,0,0
BRDA:107,2,0,0
BRDA:108,3,0,0
BRDA:108,3,1,0
BRDA:112,4,0,0
BRDA:114,5,0,0
BRDA:114,5,1,0
BRDA:116,6,0,0
BRDA:116,7,0,0
BRDA:116,7,1,0
BRDA:119,8,0,0
BRDA:119,8,1,0
BRDA:129,9,0,0
BRDA:132,10,0,0
BRDA:137,11,0,0
BRDA:167,12,0,0
BRDA:169,13,0,0
BRDA:169,13,1,0
BRDA:192,14,0,0
BRDA:205,15,0,0
BRDA:209,16,0,0
BRDA:209,16,1,0
BRDA:209,17,0,0
BRDA:209,17,1,0
BRDA:212,18,0,0
BRDA:212,18,1,0
BRDA:220,19,0,0
BRDA:220,20,0,0
BRDA:220,20,1,0
BRDA:221,21,0,0
BRDA:221,21,1,0
BRDA:231,22,0,0
BRDA:236,23,0,0
BRDA:238,24,0,0
BRDA:238,24,1,0
BRDA:260,25,0,0
BRDA:260,26,0,0
BRDA:260,26,1,0
BRDA:267,27,0,0
BRDA:296,28,0,0
BRDA:296,29,0,0
BRDA:296,29,1,0
BRDA:298,30,0,0
BRDA:305,31,0,0
BRF:45
BRH:0
end_of_record
TN:
SF:src/core/common/decorators/middleware.decorator.ts
FN:10,UseMiddleware
FN:11,(anonymous_1)
FNF:2
FNH:2
FNDA:7,UseMiddleware
FNDA:7,(anonymous_1)
DA:1,3
DA:4,3
DA:10,3
DA:11,7
DA:12,7
DA:15,7
DA:16,7
DA:24,0
DA:25,0
LF:9
LH:7
BRDA:12,0,0,7
BRDA:12,0,1,0
BRDA:15,1,0,7
BRDA:15,1,1,7
BRDA:24,2,0,0
BRDA:24,2,1,0
BRF:6
BRH:3
end_of_record
TN:
SF:src/core/common/decorators/param.decorator.ts
FN:17,getValidatableClass
FN:42,(anonymous_1)
FN:70,resolveDtoClass
FN:93,Body
FN:94,(anonymous_4)
FN:113,Query
FN:114,(anonymous_6)
FN:133,Param
FN:134,(anonymous_8)
FN:170,Params
FN:171,(anonymous_10)
FNF:11
FNH:6
FNDA:10,getValidatableClass
FNDA:0,(anonymous_1)
FNDA:10,resolveDtoClass
FNDA:10,Body
FNDA:10,(anonymous_4)
FNDA:0,Query
FNDA:0,(anonymous_6)
FNDA:12,Param
FNDA:12,(anonymous_8)
FNDA:0,Params
FNDA:0,(anonymous_10)
DA:1,4
DA:4,4
DA:18,10
DA:20,10
DA:21,10
DA:22,0
DA:26,10
DA:27,10
DA:30,9
DA:31,0
DA:35,9
DA:36,0
DA:40,9
DA:41,9
DA:42,0
DA:45,9
DA:46,0
DA:51,9
DA:58,9
DA:61,0
DA:71,10
DA:72,0
DA:73,0
DA:74,0
DA:78,10
DA:79,10
DA:80,10
DA:81,9
DA:85,1
DA:93,4
DA:94,10
DA:96,10
DA:99,10
DA:100,10
DA:102,10
DA:103,10
DA:105,10
DA:113,4
DA:114,0
DA:116,0
DA:119,0
DA:120,0
DA:121,0
DA:123,0
DA:124,0
DA:133,4
DA:134,12
DA:136,12
DA:139,12
DA:140,12
DA:144,12
DA:145,12
DA:146,0
DA:147,0
DA:148,0
DA:149,0
DA:151,0
DA:154,12
DA:161,12
DA:170,4
DA:171,0
DA:173,0
DA:176,0
DA:177,0
DA:180,0
DA:183,0
DA:189,0
LF:67
LH:39
BRDA:18,0,0,0
BRDA:18,1,0,10
BRDA:18,1,1,10
BRDA:21,2,0,0
BRDA:27,3,0,1
BRDA:30,4,0,0
BRDA:30,5,0,9
BRDA:30,5,1,9
BRDA:30,5,2,9
BRDA:35,6,0,0
BRDA:35,7,0,9
BRDA:35,7,1,9
BRDA:40,8,0,9
BRDA:40,9,0,9
BRDA:40,9,1,9
BRDA:42,10,0,0
BRDA:42,10,1,0
BRDA:45,11,0,0
BRDA:51,12,0,9
BRDA:52,13,0,9
BRDA:52,13,1,9
BRDA:52,13,2,9
BRDA:52,13,3,9
BRDA:52,13,4,9
BRDA:71,14,0,0
BRDA:73,15,0,0
BRDA:78,16,0,10
BRDA:80,17,0,9
BRDA:96,18,0,10
BRDA:96,18,1,10
BRDA:99,19,0,10
BRDA:99,19,1,0
BRDA:116,20,0,0
BRDA:116,20,1,0
BRDA:119,21,0,0
BRDA:119,21,1,0
BRDA:136,22,0,12
BRDA:136,22,1,11
BRDA:139,23,0,12
BRDA:139,23,1,0
BRDA:144,24,0,12
BRDA:144,24,1,0
BRDA:146,25,0,0
BRDA:146,25,1,0
BRDA:148,26,0,0
BRDA:148,26,1,0
BRDA:173,27,0,0
BRDA:173,27,1,0
BRDA:176,28,0,0
BRDA:176,28,1,0
BRF:50
BRH:26
end_of_record
TN:
SF:src/core/common/decorators/route.decorator.ts
FN:29,Controller
FN:33,(anonymous_1)
FN:73,createMethodDecorator
FN:78,(anonymous_3)
FN:86,(anonymous_4)
FN:117,(anonymous_5)
FN:131,(anonymous_6)
FN:137,(anonymous_7)
FN:143,(anonymous_8)
FN:149,(anonymous_9)
FN:161,(anonymous_10)
FN:216,createControllerRouter
FN:233,(anonymous_12)
FN:238,(anonymous_13)
FN:242,(anonymous_14)
FN:252,(anonymous_15)
FN:286,getControllerMetadata
FN:296,getControllerRoutes
FN:305,getRouteMetadata
FN:308,(anonymous_19)
FN:309,(anonymous_20)
FNF:21
FNH:8
FNDA:8,Controller
FNDA:8,(anonymous_1)
FNDA:20,createMethodDecorator
FNDA:41,(anonymous_3)
FNDA:41,(anonymous_4)
FNDA:25,(anonymous_5)
FNDA:10,(anonymous_6)
FNDA:0,(anonymous_7)
FNDA:17,(anonymous_8)
FNDA:0,(anonymous_9)
FNDA:0,(anonymous_10)
FNDA:0,createControllerRouter
FNDA:0,(anonymous_12)
FNDA:0,(anonymous_13)
FNDA:0,(anonymous_14)
FNDA:0,(anonymous_15)
FNDA:0,getControllerMetadata
FNDA:0,getControllerRoutes
FNDA:0,getRouteMetadata
FNDA:0,(anonymous_19)
FNDA:0,(anonymous_20)
DA:1,4
DA:4,4
DA:7,4
DA:10,4
DA:14,4
DA:29,4
DA:33,8
DA:34,8
DA:35,8
DA:38,8
DA:39,0
DA:40,0
DA:48,8
DA:61,8
DA:62,0
DA:73,4
DA:78,20
DA:82,41
DA:84,41
DA:86,41
DA:87,41
DA:88,41
DA:91,41
DA:92,41
DA:94,41
DA:96,41
DA:98,41
DA:101,41
DA:117,41
DA:123,25
DA:124,25
DA:125,25
DA:127,25
DA:128,25
DA:131,25
DA:132,10
DA:133,10
DA:137,25
DA:138,0
DA:139,0
DA:143,25
DA:144,17
DA:145,17
DA:149,25
DA:150,0
DA:151,0
DA:155,25
DA:158,20
DA:160,0
DA:162,0
DA:163,0
DA:169,20
DA:170,20
DA:172,20
DA:175,5
DA:181,41
DA:183,41
DA:188,41
DA:190,41
DA:204,41
DA:205,41
DA:216,4
DA:217,0
DA:218,0
DA:219,0
DA:222,0
DA:224,0
DA:228,0
DA:231,0
DA:234,0
DA:239,0
DA:242,0
DA:243,0
DA:244,0
DA:247,0
DA:250,0
DA:253,0
DA:254,0
DA:255,0
DA:256,0
DA:257,0
DA:261,0
DA:267,0
DA:269,0
DA:275,0
DA:278,0
DA:286,4
DA:288,0
DA:296,4
DA:297,0
DA:305,4
DA:306,0
DA:307,0
DA:308,0
DA:309,0
DA:319,4
DA:320,4
DA:321,4
DA:322,4
DA:323,4
LF:100
LH:60
BRDA:30,0,0,4
BRDA:31,1,0,8
BRDA:38,2,0,0
BRDA:38,3,0,8
BRDA:38,3,1,0
BRDA:39,4,0,0
BRDA:39,4,1,0
BRDA:53,5,0,8
BRDA:53,5,1,8
BRDA:54,6,0,0
BRDA:54,6,1,8
BRDA:54,7,0,8
BRDA:54,7,1,8
BRDA:61,8,0,0
BRDA:75,9,0,20
BRDA:76,10,0,20
BRDA:79,11,0,0
BRDA:82,12,0,41
BRDA:82,12,1,0
BRDA:84,13,0,0
BRDA:84,13,1,41
BRDA:91,14,0,41
BRDA:91,14,1,0
BRDA:92,15,0,41
BRDA:92,15,1,31
BRDA:94,16,0,41
BRDA:94,16,1,41
BRDA:96,17,0,41
BRDA:96,17,1,30
BRDA:98,18,0,41
BRDA:98,18,1,41
BRDA:102,19,0,41
BRDA:102,19,1,41
BRDA:102,19,2,10
BRDA:105,20,0,41
BRDA:105,20,1,41
BRDA:105,20,2,0
BRDA:108,21,0,41
BRDA:108,21,1,41
BRDA:108,21,2,11
BRDA:111,22,0,41
BRDA:111,22,1,41
BRDA:111,22,2,0
BRDA:158,23,0,0
BRDA:158,23,1,20
BRDA:158,24,0,20
BRDA:158,24,1,20
BRDA:162,25,0,0
BRDA:162,26,0,0
BRDA:162,26,1,0
BRDA:169,27,0,20
BRDA:169,28,0,20
BRDA:169,28,1,20
BRDA:181,29,0,41
BRDA:181,29,1,8
BRDA:183,30,0,41
BRDA:183,30,1,0
BRDA:184,31,0,41
BRDA:184,31,1,34
BRDA:188,32,0,41
BRDA:188,32,1,41
BRDA:199,33,0,41
BRDA:199,33,1,41
BRDA:216,34,0,0
BRDA:219,35,0,0
BRDA:219,35,1,0
BRDA:222,36,0,0
BRDA:228,37,0,0
BRDA:228,37,1,0
BRDA:234,38,0,0
BRDA:234,38,1,0
BRDA:234,38,2,0
BRDA:243,39,0,0
BRDA:243,39,1,0
BRDA:244,40,0,0
BRDA:244,40,1,0
BRDA:247,41,0,0
BRDA:247,41,1,0
BRDA:247,42,0,0
BRDA:247,42,1,0
BRDA:254,43,0,0
BRDA:256,44,0,0
BRDA:267,45,0,0
BRDA:288,46,0,0
BRDA:288,46,1,0
BRDA:297,47,0,0
BRDA:297,47,1,0
BRDA:310,48,0,0
BRDA:310,48,1,0
BRDA:311,49,0,0
BRDA:311,49,1,0
BRDA:314,50,0,0
BRDA:314,50,1,0
BRF:93
BRH:46
end_of_record
TN:
SF:src/core/common/di/component.decorator.ts
FN:7,Component
FN:8,(anonymous_1)
FN:15,Injectable
FN:16,(anonymous_3)
FN:22,Repository
FN:23,(anonymous_5)
FN:30,Service
FN:31,(anonymous_7)
FN:38,Inject
FN:39,(anonymous_9)
FN:45,getComponentMetadata
FNF:11
FNH:6
FNDA:8,Component
FNDA:8,(anonymous_1)
FNDA:0,Injectable
FNDA:0,(anonymous_3)
FNDA:16,Repository
FNDA:16,(anonymous_5)
FNDA:24,Service
FNDA:24,(anonymous_7)
FNDA:0,Inject
FNDA:0,(anonymous_9)
FNDA:0,getComponentMetadata
DA:2,4
DA:5,4
DA:7,4
DA:8,8
DA:9,8
DA:10,8
DA:11,8
DA:15,4
DA:16,0
DA:17,0
DA:18,0
DA:22,4
DA:23,16
DA:24,16
DA:25,16
DA:26,16
DA:30,4
DA:31,24
DA:32,24
DA:33,24
DA:34,24
DA:38,4
DA:39,0
DA:40,0
DA:41,0
DA:45,4
DA:46,0
LF:27
LH:20
BRF:0
BRH:0
end_of_record
TN:
SF:src/core/common/di/di-token.constant.ts
FNF:0
FNH:0
DA:1,4
DA:2,4
DA:4,4
DA:5,4
DA:6,4
DA:7,4
DA:8,4
DA:10,4
DA:11,4
DA:12,4
DA:13,4
DA:15,4
LF:12
LH:12
BRF:0
BRH:0
end_of_record
TN:
SF:src/core/common/dto/base-query.dto.ts
FN:31,(anonymous_2)
FNF:1
FNH:0
FNDA:0,(anonymous_2)
DA:1,4
DA:4,4
DA:6,4
DA:9,4
DA:13,4
DA:17,4
DA:21,4
DA:25,4
DA:32,0
DA:33,0
DA:35,0
DA:36,0
LF:12
LH:8
BRDA:31,0,0,0
BRDA:32,1,0,0
BRDA:32,1,1,0
BRDA:33,2,0,0
BRDA:33,2,1,0
BRF:5
BRH:0
end_of_record
TN:
SF:src/core/common/dto/base-response.dto.ts
FN:10,(anonymous_0)
FN:27,(anonymous_1)
FN:46,(anonymous_2)
FN:54,(anonymous_3)
FNF:4
FNH:0
FNDA:0,(anonymous_0)
FNDA:0,(anonymous_1)
FNDA:0,(anonymous_2)
FNDA:0,(anonymous_3)
DA:1,4
DA:11,0
DA:12,0
DA:13,0
DA:14,0
DA:18,4
DA:33,0
DA:34,0
DA:35,0
DA:37,0
DA:38,0
DA:51,0
DA:59,0
LF:13
LH:2
BRDA:29,0,0,0
BRDA:37,1,0,0
BRF:2
BRH:0
end_of_record
TN:
SF:src/core/common/entities/base.entity.ts
FN:7,(anonymous_2)
FN:14,(anonymous_3)
FNF:2
FNH:0
FNDA:0,(anonymous_2)
FNDA:0,(anonymous_3)
DA:1,4
DA:3,4
DA:7,0
DA:9,4
DA:14,0
DA:16,4
DA:19,4
LF:7
LH:5
BRDA:9,0,0,4
BRDA:9,0,1,0
BRDA:9,1,0,4
BRDA:9,1,1,4
BRDA:16,2,0,4
BRDA:16,2,1,0
BRDA:16,3,0,4
BRDA:16,3,1,4
BRF:8
BRH:6
end_of_record
TN:
SF:src/core/common/exceptions/http.exception.ts
FN:2,(anonymous_0)
FN:14,(anonymous_1)
FN:20,(anonymous_2)
FN:26,(anonymous_3)
FN:32,(anonymous_4)
FN:38,(anonymous_5)
FNF:6
FNH:3
FNDA:7,(anonymous_0)
FNDA:5,(anonymous_1)
FNDA:0,(anonymous_2)
FNDA:2,(anonymous_3)
FNDA:0,(anonymous_4)
FNDA:0,(anonymous_5)
DA:1,4
DA:3,7
DA:4,7
DA:5,7
DA:7,7
DA:8,7
DA:9,7
DA:13,4
DA:15,5
DA:19,4
DA:21,0
DA:25,4
DA:27,2
DA:31,4
DA:33,0
DA:37,4
DA:39,0
LF:17
LH:14
BRDA:14,0,0,0
BRDA:20,1,0,0
BRDA:26,2,0,0
BRDA:32,3,0,0
BRDA:38,4,0,0
BRF:5
BRH:0
end_of_record
TN:
SF:src/core/common/exceptions/validation.exception.ts
FN:11,(anonymous_0)
FN:16,(anonymous_1)
FN:19,(anonymous_2)
FNF:3
FNH:0
FNDA:0,(anonymous_0)
FNDA:0,(anonymous_1)
FNDA:0,(anonymous_2)
DA:1,4
DA:8,4
DA:12,0
DA:13,0
DA:17,0
DA:19,0
DA:20,0
DA:21,0
DA:24,0
DA:25,0
DA:26,0
DA:30,0
LF:12
LH:2
BRDA:20,0,0,0
BRDA:24,1,0,0
BRDA:24,2,0,0
BRDA:24,2,1,0
BRF:4
BRH:0
end_of_record
TN:
SF:src/core/common/factory/query-builder.factory.ts
FN:15,(anonymous_0)
FN:23,(anonymous_1)
FN:35,(anonymous_2)
FN:44,(anonymous_3)
FNF:4
FNH:2
FNDA:4,(anonymous_0)
FNDA:4,(anonymous_1)
FNDA:0,(anonymous_2)
FNDA:0,(anonymous_3)
DA:5,4
DA:6,4
DA:11,4
DA:13,4
DA:16,4
DA:17,4
DA:24,4
DA:25,4
DA:27,4
DA:36,0
DA:45,0
DA:46,0
DA:47,0
DA:49,0
DA:53,4
LF:15
LH:10
BRDA:24,0,0,4
BRDA:46,1,0,0
BRF:2
BRH:1
end_of_record
TN:
SF:src/core/common/factory/query-builders/mongodb-query.builder.ts
FN:9,(anonymous_0)
FN:20,(anonymous_1)
FN:46,(anonymous_2)
FNF:3
FNH:0
FNDA:0,(anonymous_0)
FNDA:0,(anonymous_1)
FNDA:0,(anonymous_2)
DA:3,4
DA:10,0
DA:11,0
DA:12,0
DA:15,0
DA:16,0
DA:20,0
DA:21,0
DA:22,0
DA:26,0
DA:27,0
DA:31,0
DA:32,0
DA:33,0
DA:34,0
DA:37,0
DA:38,0
DA:43,0
DA:47,0
LF:19
LH:1
BRDA:10,0,0,0
BRDA:10,1,0,0
BRDA:15,2,0,0
BRDA:21,3,0,0
BRDA:21,4,0,0
BRDA:21,4,1,0
BRDA:26,5,0,0
BRDA:31,6,0,0
BRDA:31,6,1,0
BRDA:32,7,0,0
BRDA:32,7,1,0
BRDA:37,8,0,0
BRDA:39,9,0,0
BRDA:39,9,1,0
BRF:14
BRH:0
end_of_record
TN:
SF:src/core/common/factory/query-builders/typeorm-query.builder.ts
FN:27,(anonymous_0)
FN:38,(anonymous_1)
FN:70,(anonymous_2)
FNF:3
FNH:0
FNDA:0,(anonymous_0)
FNDA:0,(anonymous_1)
FNDA:0,(anonymous_2)
DA:1,4
DA:21,4
DA:28,0
DA:29,0
DA:30,0
DA:33,0
DA:34,0
DA:38,0
DA:39,0
DA:40,0
DA:44,0
DA:45,0
DA:49,0
DA:50,0
DA:51,0
DA:52,0
DA:55,0
DA:56,0
DA:61,0
DA:71,0
LF:20
LH:2
BRDA:28,0,0,0
BRDA:28,1,0,0
BRDA:33,2,0,0
BRDA:39,3,0,0
BRDA:39,4,0,0
BRDA:39,4,1,0
BRDA:44,5,0,0
BRDA:49,6,0,0
BRDA:49,6,1,0
BRDA:50,7,0,0
BRDA:50,7,1,0
BRDA:55,8,0,0
BRDA:57,9,0,0
BRDA:57,9,1,0
BRF:14
BRH:0
end_of_record
TN:
SF:src/core/common/interfaces/module.interface.ts
FNF:0
FNH:0
DA:17,4
LF:1
LH:1
BRF:0
BRH:0
end_of_record
TN:
SF:src/core/common/mappers/base.mapper.ts
FN:3,snakeToCamel
FN:4,(anonymous_1)
FN:7,camelToSnake
FN:8,(anonymous_3)
FN:15,(anonymous_4)
FN:23,(anonymous_5)
FN:32,(anonymous_6)
FNF:7
FNH:4
FNDA:16,snakeToCamel
FNDA:11,(anonymous_1)
FNDA:0,camelToSnake
FNDA:0,(anonymous_3)
FNDA:18,(anonymous_4)
FNDA:2,(anonymous_5)
FNDA:0,(anonymous_6)
DA:1,4
DA:4,16
DA:8,0
DA:11,4
DA:16,18
DA:24,2
DA:25,2
DA:26,16
DA:27,16
DA:29,2
DA:33,0
DA:35,0
DA:36,0
DA:37,0
DA:40,0
LF:15
LH:9
BRF:0
BRH:0
end_of_record
TN:
SF:src/core/common/router/base.router.ts
FN:18,(anonymous_0)
FN:28,(anonymous_1)
FN:36,(anonymous_2)
FN:105,(anonymous_3)
FN:112,(anonymous_4)
FN:117,(anonymous_5)
FN:120,(anonymous_6)
FN:130,(anonymous_7)
FN:141,(anonymous_8)
FN:142,(anonymous_9)
FN:149,(anonymous_10)
FN:160,(anonymous_11)
FNF:12
FNH:0
FNDA:0,(anonymous_0)
FNDA:0,(anonymous_1)
FNDA:0,(anonymous_2)
FNDA:0,(anonymous_3)
FNDA:0,(anonymous_4)
FNDA:0,(anonymous_5)
FNDA:0,(anonymous_6)
FNDA:0,(anonymous_7)
FNDA:0,(anonymous_8)
FNDA:0,(anonymous_9)
FNDA:0,(anonymous_10)
FNDA:0,(anonymous_11)
DA:1,4
DA:2,4
DA:8,4
DA:14,4
DA:18,0
DA:19,0
DA:20,0
DA:21,0
DA:29,0
DA:37,0
DA:106,0
DA:113,0
DA:114,0
DA:115,0
DA:117,0
DA:121,0
DA:131,0
DA:132,0
DA:133,0
DA:135,0
DA:142,0
DA:150,0
DA:154,0
DA:155,0
DA:157,0
DA:161,0
LF:26
LH:4
BRDA:114,0,0,0
BRDA:114,0,1,0
BRDA:119,1,0,0
BRDA:119,1,1,0
BRDA:150,2,0,0
BRDA:150,2,1,0
BRDA:152,3,0,0
BRDA:152,3,1,0
BRDA:155,4,0,0
BRDA:155,4,1,0
BRDA:161,5,0,0
BRDA:161,5,1,0
BRF:12
BRH:0
end_of_record
TN:
SF:src/core/common/service/base.service.ts
FN:13,(anonymous_0)
FN:22,(anonymous_1)
FN:32,(anonymous_2)
FN:42,(anonymous_3)
FN:53,(anonymous_4)
FN:77,(anonymous_5)
FN:90,(anonymous_6)
FN:103,(anonymous_7)
FN:116,(anonymous_8)
FNF:9
FNH:0
FNDA:0,(anonymous_0)
FNDA:0,(anonymous_1)
FNDA:0,(anonymous_2)
FNDA:0,(anonymous_3)
FNDA:0,(anonymous_4)
FNDA:0,(anonymous_5)
FNDA:0,(anonymous_6)
FNDA:0,(anonymous_7)
FNDA:0,(anonymous_8)
DA:10,4
DA:14,0
DA:23,0
DA:24,0
DA:33,0
DA:34,0
DA:43,0
DA:44,0
DA:57,0
DA:58,0
DA:62,0
DA:64,0
DA:68,0
DA:81,0
DA:82,0
DA:91,0
DA:92,0
DA:93,0
DA:95,0
DA:104,0
DA:105,0
DA:106,0
DA:108,0
DA:117,0
DA:118,0
LF:25
LH:1
BRDA:57,0,0,0
BRDA:92,1,0,0
BRDA:95,2,0,0
BRDA:95,2,1,0
BRDA:105,3,0,0
BRDA:108,4,0,0
BRDA:108,4,1,0
BRF:7
BRH:0
end_of_record
TN:
SF:src/core/logging/logger.service.ts
FN:12,(anonymous_12)
FN:16,(anonymous_13)
FN:53,(anonymous_14)
FN:56,(anonymous_15)
FN:68,(anonymous_16)
FN:77,(anonymous_17)
FN:86,(anonymous_18)
FN:95,(anonymous_19)
FN:106,(anonymous_20)
FN:115,(anonymous_21)
FN:126,getLogger
FNF:11
FNH:0
FNDA:0,(anonymous_12)
FNDA:0,(anonymous_13)
FNDA:0,(anonymous_14)
FNDA:0,(anonymous_15)
FNDA:0,(anonymous_16)
FNDA:0,(anonymous_17)
FNDA:0,(anonymous_18)
FNDA:0,(anonymous_19)
FNDA:0,(anonymous_20)
FNDA:0,(anonymous_21)
FNDA:0,getLogger
DA:1,5
DA:2,5
DA:9,5
DA:13,0
DA:16,0
DA:17,0
DA:18,0
DA:21,0
DA:51,0
DA:52,0
DA:54,0
DA:57,0
DA:58,0
DA:69,0
DA:78,0
DA:87,0
DA:96,0
DA:97,0
DA:107,0
DA:116,0
DA:117,0
DA:118,0
DA:126,5
DA:127,0
LF:24
LH:4
BRDA:17,0,0,0
BRDA:17,0,1,0
BRDA:22,1,0,0
BRDA:22,1,1,0
BRDA:26,2,0,0
BRDA:26,2,1,0
BRDA:31,3,0,0
BRDA:31,3,1,0
BRDA:32,4,0,0
BRDA:32,4,1,0
BRDA:37,5,0,0
BRDA:37,5,1,0
BRDA:51,6,0,0
BRDA:96,7,0,0
BRF:14
BRH:0
end_of_record
TN:
SF:src/core/middleware/validation.middleware.ts
FN:17,createValidationMiddleware
FN:21,(anonymous_1)
FN:59,handleParamValidation
FN:90,handleParamsValidation
FN:139,handleStandardValidation
FN:178,convertQueryParams
FN:209,(anonymous_6)
FN:214,(anonymous_7)
FN:248,validatePrimitiveParam
FNF:9
FNH:1
FNDA:21,createValidationMiddleware
FNDA:0,(anonymous_1)
FNDA:0,handleParamValidation
FNDA:0,handleParamsValidation
FNDA:0,handleStandardValidation
FNDA:0,convertQueryParams
FNDA:0,(anonymous_6)
FNDA:0,(anonymous_7)
FNDA:0,validatePrimitiveParam
DA:1,4
DA:2,4
DA:6,4
DA:17,4
DA:21,21
DA:22,0
DA:23,0
DA:24,0
DA:26,0
DA:27,0
DA:29,0
DA:30,0
DA:31,0
DA:34,0
DA:35,0
DA:36,0
DA:39,0
DA:42,0
DA:43,0
DA:46,0
DA:48,0
DA:64,0
DA:65,0
DA:66,0
DA:72,0
DA:73,0
DA:79,0
DA:97,0
DA:98,0
DA:99,0
DA:105,0
DA:106,0
DA:109,0
DA:111,0
DA:113,0
DA:114,0
DA:116,0
DA:117,0
DA:123,0
DA:126,0
DA:147,0
DA:148,0
DA:150,0
DA:151,0
DA:154,0
DA:155,0
DA:161,0
DA:162,0
DA:165,0
DA:166,0
DA:168,0
DA:179,0
DA:180,0
DA:183,0
DA:184,0
DA:185,0
DA:187,0
DA:194,0
DA:196,0
DA:197,0
DA:198,0
DA:199,0
DA:200,0
DA:201,0
DA:204,0
DA:205,0
DA:207,0
DA:208,0
DA:209,0
DA:210,0
DA:213,0
DA:215,0
DA:221,0
DA:222,0
DA:223,0
DA:224,0
DA:226,0
DA:227,0
DA:228,0
DA:229,0
DA:230,0
DA:234,0
DA:238,0
DA:249,0
DA:250,0
DA:263,0
DA:265,0
DA:266,0
DA:279,0
DA:281,0
DA:282,0
DA:283,0
DA:296,0
DA:299,0
DA:300,0
DA:301,0
DA:313,0
DA:316,0
DA:317,0
DA:318,0
DA:319,0
DA:320,0
DA:323,0
DA:324,0
DA:327,0
DA:340,0
LF:106
LH:5
BRDA:27,0,0,0
BRDA:29,1,0,0
BRDA:29,2,0,0
BRDA:29,2,1,0
BRDA:34,3,0,0
BRDA:42,4,0,0
BRDA:69,5,0,0
BRDA:69,5,1,0
BRDA:72,6,0,0
BRDA:97,7,0,0
BRDA:97,7,1,0
BRDA:105,8,0,0
BRDA:113,9,0,0
BRDA:113,9,1,0
BRDA:116,10,0,0
BRDA:150,11,0,0
BRDA:161,12,0,0
BRDA:165,13,0,0
BRDA:165,13,1,0
BRDA:165,14,0,0
BRDA:165,14,1,0
BRDA:179,15,0,0
BRDA:179,16,0,0
BRDA:179,16,1,0
BRDA:179,16,2,0
BRDA:185,17,0,0
BRDA:194,18,0,0
BRDA:198,19,0,0
BRDA:199,20,0,0
BRDA:199,20,1,0
BRDA:205,21,0,0
BRDA:210,22,0,0
BRDA:210,22,1,0
BRDA:215,23,0,0
BRDA:215,23,1,0
BRDA:215,23,2,0
BRDA:215,23,3,0
BRDA:221,24,0,0
BRDA:221,24,1,0
BRDA:221,25,0,0
BRDA:221,25,1,0
BRDA:223,26,0,0
BRDA:223,27,0,0
BRDA:223,27,1,0
BRDA:226,28,0,0
BRDA:227,29,0,0
BRDA:227,29,1,0
BRDA:227,30,0,0
BRDA:227,30,1,0
BRDA:227,30,2,0
BRDA:227,30,3,0
BRDA:229,31,0,0
BRDA:229,32,0,0
BRDA:229,32,1,0
BRDA:229,32,2,0
BRDA:229,32,3,0
BRDA:249,33,0,0
BRDA:249,34,0,0
BRDA:249,34,1,0
BRDA:263,35,0,0
BRDA:263,35,1,0
BRDA:263,35,2,0
BRDA:263,35,3,0
BRDA:265,36,0,0
BRDA:282,37,0,0
BRDA:282,38,0,0
BRDA:282,38,1,0
BRDA:300,39,0,0
BRDA:316,40,0,0
BRDA:317,41,0,0
BRDA:319,42,0,0
BRDA:323,43,0,0
BRF:72
BRH:0
end_of_record
TN:
SF:src/core/redis/redis.service.ts
FN:13,(anonymous_3)
FN:21,(anonymous_4)
FN:26,(anonymous_5)
FN:30,(anonymous_6)
FNF:4
FNH:0
FNDA:0,(anonymous_3)
FNDA:0,(anonymous_4)
FNDA:0,(anonymous_5)
FNDA:0,(anonymous_6)
DA:1,4
DA:4,4
DA:7,4
DA:10,4
DA:13,0
DA:14,0
DA:21,0
DA:22,0
DA:27,0
DA:31,0
LF:10
LH:4
BRDA:13,0,0,4
BRDA:13,0,1,0
BRDA:13,1,0,4
BRDA:13,1,1,4
BRF:4
BRH:3
end_of_record
TN:
SF:src/modules/auth/auth.controller.ts
FN:19,(anonymous_4)
FN:22,(anonymous_5)
FN:30,(anonymous_6)
FN:35,(anonymous_7)
FNF:4
FNH:4
FNDA:6,(anonymous_4)
FNDA:1,(anonymous_5)
FNDA:1,(anonymous_6)
FNDA:2,(anonymous_7)
DA:1,1
DA:4,1
DA:10,1
DA:11,1
DA:14,1
DA:15,1
DA:18,1
DA:19,6
DA:22,1
DA:23,1
DA:24,1
DA:25,1
DA:26,1
DA:30,1
DA:31,1
DA:35,1
DA:36,2
DA:37,2
DA:38,2
DA:39,2
DA:41,2
LF:21
LH:21
BRDA:37,0,0,2
BRDA:37,0,1,1
BRDA:38,1,0,0
BRDA:38,1,1,2
BRDA:22,2,0,1
BRDA:22,2,1,0
BRDA:22,3,0,1
BRDA:22,3,1,1
BRDA:22,4,0,1
BRDA:22,4,1,0
BRDA:22,5,0,1
BRDA:22,5,1,1
BRDA:30,6,0,1
BRDA:30,6,1,0
BRDA:30,7,0,1
BRDA:30,7,1,1
BRDA:30,8,0,1
BRDA:30,8,1,0
BRDA:30,9,0,1
BRDA:30,9,1,1
BRDA:35,10,0,1
BRDA:35,10,1,0
BRDA:35,11,0,1
BRDA:35,11,1,1
BRDA:19,12,0,1
BRDA:19,12,1,0
BRDA:19,13,0,1
BRDA:19,13,1,1
BRF:28
BRH:21
end_of_record
TN:
SF:src/modules/auth/auth.service.ts
FN:45,(anonymous_5)
FN:56,(anonymous_6)
FN:62,(anonymous_7)
FN:93,(anonymous_8)
FN:123,(anonymous_9)
FN:148,(anonymous_10)
FN:170,(anonymous_11)
FN:199,(anonymous_12)
FN:222,(anonymous_13)
FN:248,(anonymous_14)
FN:262,(anonymous_15)
FNF:11
FNH:0
FNDA:0,(anonymous_5)
FNDA:0,(anonymous_6)
FNDA:0,(anonymous_7)
FNDA:0,(anonymous_8)
FNDA:0,(anonymous_9)
FNDA:0,(anonymous_10)
FNDA:0,(anonymous_11)
FNDA:0,(anonymous_12)
FNDA:0,(anonymous_13)
FNDA:0,(anonymous_14)
FNDA:0,(anonymous_15)
DA:1,4
DA:2,4
DA:3,4
DA:23,4
DA:30,4
DA:33,4
DA:36,4
DA:37,4
DA:38,4
DA:41,4
DA:46,0
DA:47,0
DA:48,0
DA:49,0
DA:51,0
DA:52,0
DA:57,0
DA:59,0
DA:63,0
DA:64,0
DA:67,0
DA:68,0
DA:71,0
DA:72,0
DA:73,0
DA:75,0
DA:76,0
DA:79,0
DA:80,0
DA:83,0
DA:85,0
DA:86,0
DA:88,0
DA:94,0
DA:96,0
DA:97,0
DA:99,0
DA:105,0
DA:106,0
DA:109,0
DA:110,0
DA:120,0
DA:124,0
DA:126,0
DA:127,0
DA:130,0
DA:134,0
DA:138,0
DA:149,0
DA:150,0
DA:153,0
DA:154,0
DA:157,0
DA:159,0
DA:160,0
DA:163,0
DA:165,0
DA:173,0
DA:175,0
DA:176,0
DA:179,0
DA:180,0
DA:196,0
DA:200,0
DA:202,0
DA:203,0
DA:206,0
DA:208,0
DA:209,0
DA:213,0
DA:214,0
DA:215,0
DA:218,0
DA:223,0
DA:227,0
DA:228,0
DA:232,0
DA:233,0
DA:234,0
DA:244,0
DA:249,0
DA:251,0
DA:252,0
DA:256,0
DA:258,0
DA:263,0
DA:265,0
DA:266,0
DA:269,0
DA:271,0
DA:272,0
DA:274,0
DA:277,0
LF:93
LH:10
BRDA:63,0,0,0
BRDA:67,1,0,0
BRDA:75,2,0,0
BRDA:75,3,0,0
BRDA:75,3,1,0
BRDA:79,4,0,0
BRDA:85,5,0,0
BRDA:96,6,0,0
BRDA:96,7,0,0
BRDA:96,7,1,0
BRDA:105,8,0,0
BRDA:109,9,0,0
BRDA:126,10,0,0
BRDA:149,11,0,0
BRDA:159,12,0,0
BRDA:175,13,0,0
BRDA:175,14,0,0
BRDA:175,14,1,0
BRDA:202,15,0,0
BRDA:202,16,0,0
BRDA:202,16,1,0
BRDA:208,17,0,0
BRDA:227,18,0,0
BRDA:251,19,0,0
BRDA:251,20,0,0
BRDA:251,20,1,0
BRDA:265,21,0,0
BRDA:265,22,0,0
BRDA:265,22,1,0
BRDA:269,23,0,0
BRDA:46,24,0,4
BRDA:46,24,1,0
BRDA:46,25,0,4
BRDA:46,25,1,4
BRDA:46,26,0,4
BRDA:46,26,1,0
BRDA:46,27,0,4
BRDA:46,27,1,4
BRDA:47,28,0,4
BRDA:47,28,1,0
BRDA:47,29,0,4
BRDA:47,29,1,4
BRDA:48,30,0,4
BRDA:48,30,1,0
BRDA:48,31,0,4
BRDA:48,31,1,4
BRF:46
BRH:12
end_of_record
TN:
SF:src/modules/auth/contacts/dto/contact.dto.ts
FN:11,(anonymous_2)
FNF:1
FNH:0
FNDA:0,(anonymous_2)
DA:1,4
DA:2,4
DA:5,4
DA:7,4
DA:9,4
DA:11,0
DA:12,4
DA:15,4
DA:18,4
DA:21,4
DA:24,4
DA:27,4
DA:30,4
LF:13
LH:12
BRDA:12,0,0,0
BRDA:12,0,1,4
BRDA:12,1,0,4
BRDA:12,1,1,0
BRF:4
BRH:2
end_of_record
TN:
SF:src/modules/auth/contacts/entities/contact.entity.ts
FN:11,(anonymous_2)
FN:11,(anonymous_3)
FNF:2
FNH:0
FNDA:0,(anonymous_2)
FNDA:0,(anonymous_3)
DA:1,4
DA:4,4
DA:7,4
DA:9,4
DA:11,0
DA:13,4
DA:16,4
DA:19,4
DA:22,4
DA:25,4
DA:29,4
DA:32,4
DA:35,4
LF:13
LH:12
BRF:0
BRH:0
end_of_record
TN:
SF:src/modules/auth/core/auth.dto.ts
FNF:0
FNH:0
DA:1,1
DA:7,1
DA:13,1
DA:17,1
DA:20,1
DA:23,1
DA:34,1
DA:37,1
DA:40,1
DA:44,1
DA:47,1
DA:50,1
DA:52,1
DA:54,1
DA:55,1
DA:56,1
DA:57,1
DA:58,1
DA:62,1
DA:65,1
DA:66,1
LF:21
LH:21
BRF:0
BRH:0
end_of_record
TN:
SF:src/modules/auth/core/token-blacklist.service.ts
FN:11,(anonymous_2)
FN:13,(anonymous_3)
FN:17,(anonymous_4)
FN:21,(anonymous_5)
FNF:4
FNH:0
FNDA:0,(anonymous_2)
FNDA:0,(anonymous_3)
FNDA:0,(anonymous_4)
FNDA:0,(anonymous_5)
DA:2,4
DA:5,4
DA:8,4
DA:9,0
DA:11,0
DA:14,0
DA:18,0
DA:22,0
DA:23,0
LF:9
LH:3
BRDA:11,0,0,4
BRDA:11,0,1,0
BRDA:11,1,0,4
BRDA:11,1,1,4
BRF:4
BRH:3
end_of_record
TN:
SF:src/modules/auth/groups/dto/group.dto.ts
FN:12,(anonymous_2)
FN:24,(anonymous_3)
FN:28,(anonymous_4)
FN:32,(anonymous_5)
FN:36,(anonymous_6)
FNF:5
FNH:0
FNDA:0,(anonymous_2)
FNDA:0,(anonymous_3)
FNDA:0,(anonymous_4)
FNDA:0,(anonymous_5)
FNDA:0,(anonymous_6)
DA:1,4
DA:2,4
DA:5,4
DA:8,4
DA:9,4
DA:10,4
DA:12,4
DA:13,0
DA:15,4
DA:18,4
DA:21,4
DA:24,0
DA:25,4
DA:28,0
DA:29,4
DA:32,0
DA:33,4
DA:36,0
DA:37,4
LF:19
LH:14
BRDA:25,0,0,4
BRDA:25,0,1,0
BRDA:25,1,0,4
BRDA:25,1,1,4
BRDA:29,2,0,4
BRDA:29,2,1,0
BRDA:29,3,0,4
BRDA:29,3,1,4
BRF:8
BRH:6
end_of_record
TN:
SF:src/modules/auth/groups/dto/user-group.dto.ts
FN:12,(anonymous_2)
FN:17,(anonymous_3)
FN:20,(anonymous_4)
FNF:3
FNH:0
FNDA:0,(anonymous_2)
FNDA:0,(anonymous_3)
FNDA:0,(anonymous_4)
DA:1,4
DA:2,4
DA:5,4
DA:8,4
DA:9,4
DA:10,4
DA:12,4
DA:13,0
DA:15,4
DA:17,0
DA:18,4
DA:20,0
DA:21,4
DA:24,4
LF:14
LH:11
BRDA:18,0,0,0
BRDA:18,0,1,4
BRDA:18,1,0,4
BRDA:18,1,1,0
BRDA:21,2,0,1
BRDA:21,2,1,3
BRDA:21,3,0,4
BRDA:21,3,1,1
BRF:8
BRH:6
end_of_record
TN:
SF:src/modules/auth/groups/entities/group.entity.ts
FN:26,(anonymous_2)
FN:26,(anonymous_3)
FN:29,(anonymous_4)
FN:29,(anonymous_5)
FNF:4
FNH:0
FNDA:0,(anonymous_2)
FNDA:0,(anonymous_3)
FNDA:0,(anonymous_4)
FNDA:0,(anonymous_5)
DA:1,4
DA:11,4
DA:12,4
DA:13,4
DA:16,4
DA:18,4
DA:21,4
DA:24,4
DA:26,0
DA:27,4
DA:29,0
DA:35,4
LF:12
LH:10
BRF:0
BRH:0
end_of_record
TN:
SF:src/modules/auth/groups/entities/user-group.entity.ts
FN:21,(anonymous_2)
FN:21,(anonymous_3)
FN:25,(anonymous_4)
FN:25,(anonymous_5)
FNF:4
FNH:0
FNDA:0,(anonymous_2)
FNDA:0,(anonymous_3)
FNDA:0,(anonymous_4)
FNDA:0,(anonymous_5)
DA:1,4
DA:11,4
DA:12,4
DA:13,4
DA:17,4
DA:19,4
DA:21,0
DA:23,4
DA:25,0
DA:27,4
DA:30,4
LF:11
LH:9
BRDA:23,0,0,0
BRDA:23,0,1,4
BRDA:23,1,0,4
BRDA:23,1,1,0
BRDA:27,2,0,2
BRDA:27,2,1,2
BRDA:27,3,0,4
BRDA:27,3,1,2
BRF:8
BRH:6
end_of_record
TN:
SF:src/modules/auth/permissions/permission.controller.ts
FN:34,(anonymous_4)
FN:40,(anonymous_5)
FN:49,(anonymous_6)
FN:71,(anonymous_7)
FN:81,(anonymous_8)
FN:94,(anonymous_9)
FNF:6
FNH:6
FNDA:8,(anonymous_4)
FNDA:1,(anonymous_5)
FNDA:1,(anonymous_6)
FNDA:2,(anonymous_7)
FNDA:2,(anonymous_8)
FNDA:2,(anonymous_9)
DA:5,1
DA:8,1
DA:11,1
DA:12,1
DA:18,1
DA:21,1
DA:22,1
DA:23,1
DA:30,1
DA:33,1
DA:34,8
DA:35,8
DA:40,1
DA:41,1
DA:42,1
DA:44,1
DA:45,1
DA:49,1
DA:50,1
DA:51,1
DA:52,1
DA:57,1
DA:58,1
DA:71,1
DA:72,2
DA:76,2
DA:77,1
DA:81,1
DA:85,2
DA:86,2
DA:88,2
DA:89,2
DA:90,1
DA:94,1
DA:95,2
DA:96,2
DA:97,1
LF:37
LH:37
BRDA:76,0,0,1
BRDA:89,1,0,1
BRDA:96,2,0,1
BRDA:40,3,0,1
BRDA:40,3,1,0
BRDA:40,4,0,1
BRDA:40,4,1,1
BRDA:40,5,0,1
BRDA:40,5,1,0
BRDA:40,6,0,1
BRDA:40,6,1,1
BRDA:49,7,0,1
BRDA:49,7,1,0
BRDA:49,8,0,1
BRDA:49,8,1,1
BRDA:71,9,0,1
BRDA:71,9,1,0
BRDA:71,10,0,1
BRDA:71,10,1,1
BRDA:82,11,0,1
BRDA:82,11,1,0
BRDA:82,12,0,1
BRDA:82,12,1,1
BRDA:84,13,0,1
BRDA:84,13,1,0
BRDA:84,14,0,1
BRDA:84,14,1,1
BRDA:94,15,0,1
BRDA:94,15,1,0
BRDA:94,16,0,1
BRDA:94,16,1,1
BRDA:34,17,0,1
BRDA:34,17,1,0
BRDA:34,18,0,1
BRDA:34,18,1,1
BRF:35
BRH:27
end_of_record
TN:
SF:src/modules/auth/permissions/permission.repository.ts
FN:15,(anonymous_3)
FNF:1
FNH:0
FNDA:0,(anonymous_3)
DA:1,4
DA:2,4
DA:5,4
DA:8,4
DA:11,4
DA:14,4
DA:16,0
DA:17,0
LF:8
LH:6
BRF:0
BRH:0
end_of_record
TN:
SF:src/modules/auth/permissions/permission.service.ts
FN:17,(anonymous_4)
FNF:1
FNH:0
FNDA:0,(anonymous_4)
DA:1,4
DA:7,4
DA:10,4
DA:13,4
DA:16,4
DA:17,0
DA:18,0
LF:7
LH:5
BRDA:17,0,0,4
BRDA:17,0,1,0
BRDA:17,1,0,4
BRDA:17,1,1,4
BRF:4
BRH:3
end_of_record
TN:
SF:src/modules/auth/permissions/dto/create-permission.dto.ts
FN:12,(anonymous_2)
FN:26,(anonymous_3)
FN:31,(anonymous_4)
FNF:3
FNH:1
FNDA:2,(anonymous_2)
FNDA:0,(anonymous_3)
FNDA:0,(anonymous_4)
DA:1,1
DA:2,1
DA:5,1
DA:8,1
DA:9,1
DA:10,1
DA:12,1
DA:13,2
DA:16,1
DA:19,1
DA:22,1
DA:26,0
DA:27,1
DA:31,0
DA:32,1
LF:15
LH:13
BRF:0
BRH:0
end_of_record
TN:
SF:src/modules/auth/permissions/dto/permission.dto.ts
FN:22,(anonymous_2)
FN:26,(anonymous_3)
FNF:2
FNH:0
FNDA:0,(anonymous_2)
FNDA:0,(anonymous_3)
DA:1,4
DA:2,4
DA:5,4
DA:6,4
DA:8,4
DA:10,4
DA:13,4
DA:16,4
DA:19,4
DA:22,0
DA:23,4
DA:26,0
DA:27,4
LF:13
LH:11
BRF:0
BRH:0
end_of_record
TN:
SF:src/modules/auth/permissions/dto/update-permission.dto.ts
FN:12,(anonymous_2)
FN:32,(anonymous_3)
FN:37,(anonymous_4)
FNF:3
FNH:1
FNDA:4,(anonymous_2)
FNDA:0,(anonymous_3)
FNDA:0,(anonymous_4)
DA:1,1
DA:2,1
DA:5,1
DA:8,1
DA:9,1
DA:10,1
DA:12,1
DA:13,4
DA:16,1
DA:20,1
DA:24,1
DA:28,1
DA:32,0
DA:33,1
DA:37,0
DA:38,1
LF:16
LH:14
BRF:0
BRH:0
end_of_record
TN:
SF:src/modules/auth/permissions/entities/permission.entity.ts
FN:22,(anonymous_2)
FN:22,(anonymous_3)
FN:25,(anonymous_4)
FN:25,(anonymous_5)
FNF:4
FNH:0
FNDA:0,(anonymous_2)
FNDA:0,(anonymous_3)
FNDA:0,(anonymous_4)
FNDA:0,(anonymous_5)
DA:1,4
DA:4,4
DA:5,4
DA:6,4
DA:9,4
DA:11,4
DA:14,4
DA:17,4
DA:20,4
DA:22,0
DA:23,4
DA:25,0
DA:26,4
LF:13
LH:11
BRF:0
BRH:0
end_of_record
TN:
SF:src/modules/auth/roles/role.controller.ts
FN:34,(anonymous_4)
FN:40,(anonymous_5)
FN:56,(anonymous_6)
FN:84,(anonymous_7)
FN:102,(anonymous_8)
FN:123,(anonymous_9)
FNF:6
FNH:5
FNDA:7,(anonymous_4)
FNDA:0,(anonymous_5)
FNDA:1,(anonymous_6)
FNDA:2,(anonymous_7)
FNDA:2,(anonymous_8)
FNDA:1,(anonymous_9)
DA:5,1
DA:8,1
DA:9,1
DA:12,1
DA:18,1
DA:21,1
DA:22,1
DA:23,1
DA:30,1
DA:33,1
DA:34,7
DA:35,7
DA:40,1
DA:41,0
DA:42,0
DA:44,0
DA:46,0
DA:51,0
DA:56,1
DA:57,1
DA:58,1
DA:60,1
DA:66,1
DA:68,1
DA:79,1
DA:84,1
DA:85,2
DA:90,2
DA:92,1
DA:97,1
DA:102,1
DA:106,2
DA:107,2
DA:109,2
DA:111,2
DA:113,1
DA:118,1
DA:123,1
DA:124,1
DA:126,1
DA:131,1
LF:41
LH:36
BRDA:90,0,0,1
BRDA:111,1,0,1
BRDA:40,2,0,1
BRDA:40,2,1,0
BRDA:40,3,0,1
BRDA:40,3,1,1
BRDA:40,4,0,1
BRDA:40,4,1,0
BRDA:40,5,0,1
BRDA:40,5,1,1
BRDA:56,6,0,1
BRDA:56,6,1,0
BRDA:56,7,0,1
BRDA:56,7,1,1
BRDA:84,8,0,1
BRDA:84,8,1,0
BRDA:84,9,0,1
BRDA:84,9,1,1
BRDA:103,10,0,1
BRDA:103,10,1,0
BRDA:103,11,0,1
BRDA:103,11,1,1
BRDA:105,12,0,1
BRDA:105,12,1,0
BRDA:105,13,0,1
BRDA:105,13,1,1
BRDA:123,14,0,1
BRDA:123,14,1,0
BRDA:123,15,0,1
BRDA:123,15,1,1
BRDA:34,16,0,1
BRDA:34,16,1,0
BRDA:34,17,0,1
BRDA:34,17,1,1
BRF:34
BRH:26
end_of_record
TN:
SF:src/modules/auth/roles/role.repository.ts
FN:18,(anonymous_3)
FN:23,(anonymous_4)
FNF:2
FNH:0
FNDA:0,(anonymous_3)
FNDA:0,(anonymous_4)
DA:1,4
DA:2,4
DA:5,4
DA:8,4
DA:14,4
DA:17,4
DA:19,0
DA:20,0
DA:24,0
DA:26,0
LF:10
LH:6
BRDA:24,0,0,0
BRF:1
BRH:0
end_of_record
TN:
SF:src/modules/auth/roles/role.service.ts
FN:30,(anonymous_4)
FN:37,(anonymous_5)
FN:48,(anonymous_6)
FN:54,(anonymous_7)
FN:73,(anonymous_8)
FN:83,(anonymous_9)
FN:87,(anonymous_10)
FN:104,(anonymous_11)
FNF:8
FNH:0
FNDA:0,(anonymous_4)
FNDA:0,(anonymous_5)
FNDA:0,(anonymous_6)
FNDA:0,(anonymous_7)
FNDA:0,(anonymous_8)
FNDA:0,(anonymous_9)
FNDA:0,(anonymous_10)
FNDA:0,(anonymous_11)
DA:1,4
DA:2,4
DA:5,4
DA:12,4
DA:13,4
DA:16,4
DA:23,4
DA:29,4
DA:31,0
DA:32,0
DA:34,0
DA:38,0
DA:40,0
DA:41,0
DA:44,0
DA:45,0
DA:46,0
DA:47,0
DA:49,0
DA:52,0
DA:53,0
DA:54,0
DA:56,0
DA:57,0
DA:65,0
DA:70,0
DA:74,0
DA:76,0
DA:77,0
DA:80,0
DA:84,0
DA:91,0
DA:93,0
DA:94,0
DA:97,0
DA:99,0
DA:101,0
DA:105,0
DA:107,0
DA:108,0
DA:111,0
LF:41
LH:8
BRDA:40,0,0,0
BRDA:45,1,0,0
BRDA:45,2,0,0
BRDA:45,2,1,0
BRDA:45,2,2,0
BRDA:46,3,0,0
BRDA:46,3,1,0
BRDA:52,4,0,0
BRDA:56,5,0,0
BRDA:76,6,0,0
BRDA:93,7,0,0
BRDA:99,8,0,0
BRDA:107,9,0,0
BRDA:31,10,0,4
BRDA:31,10,1,0
BRDA:31,11,0,4
BRDA:31,11,1,4
BRDA:31,12,0,4
BRDA:31,12,1,0
BRDA:31,13,0,4
BRDA:31,13,1,4
BRF:21
BRH:6
end_of_record
TN:
SF:src/modules/auth/roles/dto/create-role.dto.ts
FN:12,(anonymous_2)
FN:26,(anonymous_3)
FN:31,(anonymous_4)
FNF:3
FNH:0
FNDA:0,(anonymous_2)
FNDA:0,(anonymous_3)
FNDA:0,(anonymous_4)
DA:1,3
DA:2,3
DA:5,3
DA:8,3
DA:9,3
DA:10,3
DA:12,3
DA:13,0
DA:16,3
DA:19,3
DA:22,3
DA:26,0
DA:27,3
DA:31,0
DA:32,3
LF:15
LH:12
BRF:0
BRH:0
end_of_record
TN:
SF:src/modules/auth/roles/dto/role.dto.ts
FN:22,(anonymous_2)
FN:26,(anonymous_3)
FNF:2
FNH:0
FNDA:0,(anonymous_2)
FNDA:0,(anonymous_3)
DA:1,4
DA:2,4
DA:5,4
DA:6,4
DA:8,4
DA:10,4
DA:13,4
DA:16,4
DA:19,4
DA:22,0
DA:23,4
DA:26,0
DA:27,4
LF:13
LH:11
BRF:0
BRH:0
end_of_record
TN:
SF:src/modules/auth/roles/dto/update-role.dto.ts
FN:12,(anonymous_2)
FN:33,(anonymous_3)
FN:38,(anonymous_4)
FNF:3
FNH:1
FNDA:5,(anonymous_2)
FNDA:0,(anonymous_3)
FNDA:0,(anonymous_4)
DA:1,1
DA:2,1
DA:5,1
DA:8,1
DA:9,1
DA:10,1
DA:12,1
DA:13,5
DA:17,1
DA:21,1
DA:25,1
DA:29,1
DA:33,0
DA:34,1
DA:38,0
DA:39,1
LF:16
LH:14
BRF:0
BRH:0
end_of_record
TN:
SF:src/modules/auth/roles/entities/role.entity.ts
FN:22,(anonymous_2)
FN:22,(anonymous_3)
FN:25,(anonymous_4)
FN:25,(anonymous_5)
FNF:4
FNH:0
FNDA:0,(anonymous_2)
FNDA:0,(anonymous_3)
FNDA:0,(anonymous_4)
FNDA:0,(anonymous_5)
DA:1,4
DA:4,4
DA:5,4
DA:6,4
DA:9,4
DA:11,4
DA:14,4
DA:17,4
DA:20,4
DA:22,0
DA:23,4
DA:25,0
DA:27,4
LF:13
LH:11
BRF:0
BRH:0
end_of_record
TN:
SF:src/modules/auth/users/user.controller.ts
FN:37,(anonymous_4)
FN:42,(anonymous_5)
FN:57,(anonymous_6)
FN:78,(anonymous_7)
FN:86,(anonymous_8)
FN:117,(anonymous_9)
FN:129,(anonymous_10)
FN:154,(anonymous_11)
FN:170,(anonymous_12)
FN:185,(anonymous_13)
FNF:10
FNH:8
FNDA:8,(anonymous_4)
FNDA:1,(anonymous_5)
FNDA:0,(anonymous_6)
FNDA:0,(anonymous_7)
FNDA:1,(anonymous_8)
FNDA:1,(anonymous_9)
FNDA:1,(anonymous_10)
FNDA:1,(anonymous_11)
FNDA:1,(anonymous_12)
FNDA:1,(anonymous_13)
DA:5,1
DA:8,1
DA:9,1
DA:10,1
DA:13,1
DA:19,1
DA:22,1
DA:25,1
DA:26,1
DA:27,1
DA:36,1
DA:37,8
DA:38,8
DA:42,1
DA:43,1
DA:44,1
DA:46,1
DA:48,1
DA:53,1
DA:57,1
DA:58,0
DA:59,0
DA:67,0
DA:69,0
DA:78,0
DA:86,1
DA:87,1
DA:88,1
DA:90,1
DA:100,1
DA:102,1
DA:113,1
DA:117,1
DA:118,1
DA:120,1
DA:125,1
DA:129,1
DA:133,1
DA:134,0
DA:138,1
DA:139,1
DA:140,1
DA:142,1
DA:144,1
DA:150,1
DA:154,1
DA:155,1
DA:156,1
DA:158,1
DA:163,1
DA:165,0
DA:170,1
DA:174,1
DA:176,1
DA:181,1
DA:185,1
DA:189,1
DA:191,1
DA:196,1
LF:59
LH:52
BRDA:72,0,0,0
BRDA:72,0,1,0
BRDA:78,1,0,0
BRDA:78,1,1,0
BRDA:133,2,0,0
BRDA:133,3,0,1
BRDA:133,3,1,1
BRDA:42,4,0,1
BRDA:42,4,1,0
BRDA:42,5,0,1
BRDA:42,5,1,1
BRDA:42,6,0,1
BRDA:42,6,1,0
BRDA:42,7,0,1
BRDA:42,7,1,1
BRDA:57,8,0,1
BRDA:57,8,1,0
BRDA:57,9,0,1
BRDA:57,9,1,1
BRDA:86,10,0,1
BRDA:86,10,1,0
BRDA:86,11,0,1
BRDA:86,11,1,1
BRDA:117,12,0,1
BRDA:117,12,1,0
BRDA:117,13,0,1
BRDA:117,13,1,1
BRDA:130,14,0,1
BRDA:130,14,1,0
BRDA:130,15,0,1
BRDA:130,15,1,1
BRDA:132,16,0,1
BRDA:132,16,1,0
BRDA:132,17,0,1
BRDA:132,17,1,1
BRDA:154,18,0,1
BRDA:154,18,1,0
BRDA:154,19,0,1
BRDA:154,19,1,1
BRDA:172,20,0,1
BRDA:172,20,1,0
BRDA:172,21,0,1
BRDA:172,21,1,1
BRDA:173,22,0,1
BRDA:173,22,1,0
BRDA:173,23,0,1
BRDA:173,23,1,1
BRDA:188,24,0,1
BRDA:188,24,1,0
BRDA:188,25,0,1
BRDA:188,25,1,1
BRDA:37,26,0,1
BRDA:37,26,1,0
BRDA:37,27,0,1
BRDA:37,27,1,1
BRF:55
BRH:38
end_of_record
TN:
SF:src/modules/auth/users/dto/assign-role.dto.ts
FNF:0
FNH:0
DA:1,1
DA:3,1
DA:7,1
LF:3
LH:3
BRF:0
BRH:0
end_of_record
TN:
SF:src/modules/auth/users/dto/create-user.dto.ts
FN:16,(anonymous_2)
FN:47,(anonymous_3)
FN:52,(anonymous_4)
FN:57,(anonymous_5)
FN:62,(anonymous_6)
FNF:5
FNH:1
FNDA:4,(anonymous_2)
FNDA:0,(anonymous_3)
FNDA:0,(anonymous_4)
FNDA:0,(anonymous_5)
FNDA:0,(anonymous_6)
DA:1,2
DA:2,2
DA:5,2
DA:8,2
DA:11,2
DA:12,2
DA:13,2
DA:14,2
DA:16,2
DA:17,4
DA:20,2
DA:23,2
DA:26,2
DA:29,2
DA:32,2
DA:35,2
DA:38,2
DA:41,2
DA:44,2
DA:47,0
DA:48,2
DA:52,0
DA:53,2
DA:57,0
DA:58,2
DA:62,0
DA:63,2
LF:27
LH:23
BRDA:41,0,0,0
BRDA:41,0,1,2
BRDA:41,1,0,2
BRDA:41,1,1,2
BRDA:48,2,0,2
BRDA:48,2,1,0
BRDA:48,3,0,2
BRDA:48,3,1,2
BRF:8
BRH:6
end_of_record
TN:
SF:src/modules/auth/users/dto/update-user.dto.ts
FN:16,(anonymous_2)
FN:58,(anonymous_3)
FN:63,(anonymous_4)
FN:68,(anonymous_5)
FN:73,(anonymous_6)
FNF:5
FNH:1
FNDA:3,(anonymous_2)
FNDA:0,(anonymous_3)
FNDA:0,(anonymous_4)
FNDA:0,(anonymous_5)
FNDA:0,(anonymous_6)
DA:1,1
DA:2,1
DA:5,1
DA:8,1
DA:11,1
DA:12,1
DA:13,1
DA:14,1
DA:16,1
DA:17,3
DA:21,1
DA:25,1
DA:29,1
DA:34,1
DA:38,1
DA:42,1
DA:46,1
DA:50,1
DA:54,1
DA:58,0
DA:59,1
DA:63,0
DA:64,1
DA:68,0
DA:69,1
DA:73,0
DA:74,1
LF:27
LH:23
BRDA:54,0,0,0
BRDA:54,0,1,1
BRDA:54,1,0,1
BRDA:54,1,1,1
BRDA:59,2,0,1
BRDA:59,2,1,0
BRDA:59,3,0,1
BRDA:59,3,1,1
BRF:8
BRH:6
end_of_record
TN:
SF:src/modules/auth/users/dto/user.dto.ts
FN:41,(anonymous_2)
FN:45,(anonymous_3)
FN:49,(anonymous_4)
FN:53,(anonymous_5)
FNF:4
FNH:0
FNDA:0,(anonymous_2)
FNDA:0,(anonymous_3)
FNDA:0,(anonymous_4)
FNDA:0,(anonymous_5)
DA:1,4
DA:2,4
DA:5,4
DA:8,4
DA:9,4
DA:10,4
DA:12,4
DA:14,4
DA:17,4
DA:20,4
DA:23,4
DA:26,4
DA:29,4
DA:32,4
DA:35,4
DA:38,4
DA:41,0
DA:42,4
DA:45,0
DA:46,4
DA:49,0
DA:50,4
DA:53,0
DA:54,4
LF:24
LH:20
BRDA:38,0,0,0
BRDA:38,0,1,4
BRDA:38,1,0,4
BRDA:38,1,1,4
BRDA:42,2,0,4
BRDA:42,2,1,0
BRDA:42,3,0,4
BRDA:42,3,1,4
BRF:8
BRH:6
end_of_record
TN:
SF:src/modules/auth/users/entities/user-credentials.entity.ts
FN:12,(anonymous_2)
FN:12,(anonymous_3)
FNF:2
FNH:0
FNDA:0,(anonymous_2)
FNDA:0,(anonymous_3)
DA:1,4
DA:4,4
DA:5,4
DA:8,4
DA:10,4
DA:12,0
DA:13,4
DA:16,4
DA:19,4
DA:22,4
DA:25,4
DA:28,4
DA:31,4
DA:34,4
DA:37,4
DA:40,4
DA:43,4
DA:46,4
DA:49,4
DA:52,4
DA:55,4
LF:21
LH:20
BRDA:13,0,0,0
BRDA:13,0,1,4
BRDA:13,1,0,4
BRDA:13,1,1,0
BRDA:52,2,0,4
BRDA:52,2,1,0
BRDA:52,3,0,4
BRDA:52,3,1,4
BRDA:55,4,0,4
BRDA:55,4,1,0
BRDA:55,5,0,4
BRDA:55,5,1,4
BRF:12
BRH:8
end_of_record
TN:
SF:src/modules/auth/users/entities/user.entity.ts
FN:56,(anonymous_2)
FN:56,(anonymous_3)
FN:60,(anonymous_4)
FN:60,(anonymous_5)
FN:63,(anonymous_6)
FN:63,(anonymous_7)
FN:69,(anonymous_8)
FNF:7
FNH:0
FNDA:0,(anonymous_2)
FNDA:0,(anonymous_3)
FNDA:0,(anonymous_4)
FNDA:0,(anonymous_5)
FNDA:0,(anonymous_6)
FNDA:0,(anonymous_7)
FNDA:0,(anonymous_8)
DA:1,4
DA:13,4
DA:16,4
DA:17,4
DA:18,4
DA:19,4
DA:21,4
DA:25,4
DA:27,4
DA:30,4
DA:33,4
DA:36,4
DA:39,4
DA:42,4
DA:45,4
DA:48,4
DA:51,4
DA:54,4
DA:56,0
DA:58,4
DA:60,0
DA:61,4
DA:63,0
DA:64,4
DA:69,0
DA:71,4
LF:26
LH:22
BRDA:48,0,0,0
BRDA:48,0,1,4
BRDA:48,1,0,4
BRDA:48,1,1,4
BRDA:51,2,0,4
BRDA:51,2,1,0
BRDA:51,3,0,4
BRDA:51,3,1,4
BRDA:71,4,0,4
BRDA:71,4,1,0
BRDA:71,5,0,4
BRDA:71,5,1,4
BRF:12
BRH:9
end_of_record
TN:
SF:src/modules/auth/users/repository/user-creds.repository.ts
FN:15,(anonymous_3)
FNF:1
FNH:0
FNDA:0,(anonymous_3)
DA:1,4
DA:2,4
DA:5,4
DA:8,4
DA:11,4
DA:14,4
DA:16,0
DA:17,0
LF:8
LH:6
BRF:0
BRH:0
end_of_record
TN:
SF:src/modules/auth/users/repository/user.repository.ts
FN:18,(anonymous_3)
FN:23,(anonymous_4)
FN:33,(anonymous_5)
FN:43,(anonymous_6)
FN:57,(anonymous_7)
FN:77,(anonymous_8)
FN:83,(anonymous_9)
FN:88,(anonymous_10)
FN:93,(anonymous_11)
FN:94,(anonymous_12)
FN:99,(anonymous_13)
FNF:11
FNH:0
FNDA:0,(anonymous_3)
FNDA:0,(anonymous_4)
FNDA:0,(anonymous_5)
FNDA:0,(anonymous_6)
FNDA:0,(anonymous_7)
FNDA:0,(anonymous_8)
FNDA:0,(anonymous_9)
FNDA:0,(anonymous_10)
FNDA:0,(anonymous_11)
FNDA:0,(anonymous_12)
FNDA:0,(anonymous_13)
DA:1,4
DA:2,4
DA:5,4
DA:8,4
DA:14,4
DA:17,4
DA:19,0
DA:20,0
DA:24,0
DA:30,0
DA:34,0
DA:40,0
DA:44,0
DA:49,0
DA:50,0
DA:53,0
DA:54,0
DA:59,0
DA:74,0
DA:78,0
DA:79,0
DA:80,0
DA:83,0
DA:84,0
DA:85,0
DA:89,0
DA:90,0
DA:91,0
DA:93,0
DA:94,0
DA:96,0
DA:97,0
DA:98,0
DA:99,0
DA:104,0
DA:105,0
DA:106,0
DA:107,0
DA:110,0
LF:39
LH:6
BRDA:49,0,0,0
BRDA:57,1,0,0
BRDA:61,2,0,0
BRDA:61,2,1,0
BRDA:79,3,0,0
BRDA:90,4,0,0
BRDA:93,5,0,0
BRDA:93,5,1,0
BRDA:96,6,0,0
BRDA:104,7,0,0
BRDA:105,8,0,0
BRDA:105,8,1,0
BRF:12
BRH:0
end_of_record
TN:
SF:src/modules/auth/users/service/user-creds.service.ts
FN:17,(anonymous_4)
FNF:1
FNH:0
FNDA:0,(anonymous_4)
DA:1,4
DA:4,4
DA:10,4
DA:13,4
DA:16,4
DA:17,0
DA:18,0
LF:7
LH:5
BRDA:17,0,0,4
BRDA:17,0,1,0
BRDA:17,1,0,4
BRDA:17,1,1,4
BRF:4
BRH:3
end_of_record
TN:
SF:src/modules/auth/users/service/user.service.ts
FN:35,(anonymous_5)
FN:42,(anonymous_6)
FN:50,(anonymous_7)
FN:97,(anonymous_8)
FN:101,(anonymous_9)
FN:127,(anonymous_10)
FN:151,(anonymous_11)
FN:155,(anonymous_12)
FN:159,(anonymous_13)
FNF:9
FNH:0
FNDA:0,(anonymous_5)
FNDA:0,(anonymous_6)
FNDA:0,(anonymous_7)
FNDA:0,(anonymous_8)
FNDA:0,(anonymous_9)
FNDA:0,(anonymous_10)
FNDA:0,(anonymous_11)
FNDA:0,(anonymous_12)
FNDA:0,(anonymous_13)
DA:1,4
DA:2,4
DA:3,4
DA:6,4
DA:7,4
DA:11,4
DA:14,4
DA:17,4
DA:20,4
DA:28,4
DA:34,4
DA:36,0
DA:37,0
DA:39,0
DA:43,0
DA:44,0
DA:47,0
DA:48,0
DA:49,0
DA:51,0
DA:54,0
DA:55,0
DA:60,0
DA:66,0
DA:69,0
DA:70,0
DA:76,0
DA:79,0
DA:84,0
DA:85,0
DA:88,0
DA:90,0
DA:91,0
DA:93,0
DA:98,0
DA:121,0
DA:123,0
DA:125,0
DA:131,0
DA:135,0
DA:138,0
DA:146,0
DA:148,0
DA:152,0
DA:156,0
DA:163,0
DA:179,0
DA:180,0
DA:183,0
DA:184,0
DA:185,0
DA:186,0
DA:188,0
DA:191,0
LF:54
LH:11
BRDA:47,0,0,0
BRDA:47,1,0,0
BRDA:47,1,1,0
BRDA:48,2,0,0
BRDA:48,2,1,0
BRDA:54,3,0,0
BRDA:69,4,0,0
BRDA:84,5,0,0
BRDA:90,6,0,0
BRDA:108,7,0,0
BRDA:123,8,0,0
BRDA:131,9,0,0
BRDA:132,10,0,0
BRDA:132,10,1,0
BRDA:146,11,0,0
BRDA:161,12,0,0
BRDA:165,13,0,0
BRDA:165,13,1,0
BRDA:179,14,0,0
BRDA:183,15,0,0
BRDA:36,16,0,4
BRDA:36,16,1,0
BRDA:36,17,0,4
BRDA:36,17,1,4
BRDA:36,18,0,4
BRDA:36,18,1,0
BRDA:36,19,0,4
BRDA:36,19,1,4
BRF:28
BRH:6
end_of_record
TN:
SF:src/modules/health/health.controller.ts
FN:9,(anonymous_2)
FN:16,(anonymous_3)
FN:30,(anonymous_4)
FNF:3
FNH:3
FNDA:4,(anonymous_2)
FNDA:2,(anonymous_3)
FNDA:2,(anonymous_4)
DA:2,1
DA:5,1
DA:8,1
DA:9,4
DA:16,1
DA:17,2
DA:18,2
DA:19,1
DA:21,1
DA:30,1
DA:31,2
DA:32,2
DA:34,1
LF:13
LH:13
BRDA:16,0,0,1
BRDA:16,0,1,0
BRDA:16,1,0,1
BRDA:16,1,1,1
BRDA:30,2,0,1
BRDA:30,2,1,0
BRDA:30,3,0,1
BRDA:30,3,1,1
BRDA:9,4,0,1
BRDA:9,4,1,0
BRDA:9,5,0,1
BRDA:9,5,1,1
BRF:12
BRH:9
end_of_record
TN:
SF:src/modules/health/health.service.ts
FN:14,(anonymous_3)
FN:23,(anonymous_4)
FN:46,(anonymous_5)
FN:82,(anonymous_6)
FNF:4
FNH:0
FNDA:0,(anonymous_3)
FNDA:0,(anonymous_4)
FNDA:0,(anonymous_5)
FNDA:0,(anonymous_6)
DA:1,1
DA:2,1
DA:3,1
DA:4,1
DA:10,1
DA:15,0
DA:16,0
DA:28,0
DA:29,0
DA:30,0
DA:31,0
DA:32,0
DA:33,0
DA:35,0
DA:61,0
DA:83,0
DA:84,0
DA:86,0
DA:87,0
DA:89,0
LF:20
LH:5
BRDA:16,0,0,0
BRDA:16,0,1,0
BRDA:37,1,0,0
BRDA:37,1,1,0
BRDA:87,2,0,0
BRDA:87,2,1,0
BRDA:101,3,0,0
BRDA:101,3,1,0
BRDA:103,4,0,0
BRDA:103,4,1,0
BRF:10
BRH:0
end_of_record
TN:
SF:src/shared/auth/groups/create-group.dto.ts
FNF:0
FNH:0
DA:5,4
LF:1
LH:1
BRF:0
BRH:0
end_of_record
TN:
SF:src/shared/auth/groups/user-group.dto.ts
FNF:0
FNH:0
DA:5,4
LF:1
LH:1
BRF:0
BRH:0
end_of_record
TN:
SF:src/shared/auth/permissions/create-permission.dto.ts
FNF:0
FNH:0
DA:7,1
LF:1
LH:1
BRF:0
BRH:0
end_of_record
TN:
SF:src/shared/auth/permissions/update-permission.dto.ts
FNF:0
FNH:0
DA:5,1
LF:1
LH:1
BRF:0
BRH:0
end_of_record
TN:
SF:src/shared/auth/roles/create-role.dto.ts
FNF:0
FNH:0
DA:5,3
LF:1
LH:1
BRF:0
BRH:0
end_of_record
TN:
SF:src/shared/auth/roles/update-role.dto.ts
FNF:0
FNH:0
DA:6,1
LF:1
LH:1
BRF:0
BRH:0
end_of_record
TN:
SF:src/shared/auth/users/create-user.dto.ts
FNF:0
FNH:0
DA:12,2
LF:1
LH:1
BRF:0
BRH:0
end_of_record
TN:
SF:src/shared/auth/users/update-user.dto.ts
FNF:0
FNH:0
DA:12,1
LF:1
LH:1
BRF:0
BRH:0
end_of_record
TN:
SF:src/shared/auth/users/enums/gender.enum.ts
FN:1,(anonymous_0)
FNF:1
FNH:1
FNDA:4,(anonymous_0)
DA:1,4
DA:2,4
DA:3,4
LF:3
LH:3
BRDA:1,0,0,4
BRDA:1,0,1,4
BRF:2
BRH:2
end_of_record
