TN:
SF:src/config/configuration.ts
FN:12,(anonymous_11)
FN:32,(anonymous_12)
FN:36,(anonymous_13)
FN:40,(anonymous_14)
FN:44,(anonymous_15)
FNF:5
FNH:0
FNDA:0,(anonymous_11)
FNDA:0,(anonymous_12)
FNDA:0,(anonymous_13)
FNDA:0,(anonymous_14)
FNDA:0,(anonymous_15)
DA:1,1
DA:2,1
DA:3,1
DA:6,1
DA:9,1
DA:14,0
DA:19,0
DA:25,0
DA:26,0
DA:29,0
DA:33,0
DA:37,0
DA:41,0
DA:45,0
LF:14
LH:5
BRDA:25,0,0,0
BRF:1
BRH:0
end_of_record
TN:
SF:src/config/schema.ts
FNF:0
FNH:0
DA:1,1
DA:3,1
LF:2
LH:2
BRF:0
BRH:0
end_of_record
TN:
SF:src/core/auth/guards/local.guard.ts
FN:12,(anonymous_0)
FN:14,(anonymous_1)
FN:36,(anonymous_2)
FNF:3
FNH:1
FNDA:1,(anonymous_0)
FNDA:0,(anonymous_1)
FNDA:0,(anonymous_2)
DA:1,1
DA:5,1
DA:12,1
DA:14,1
DA:15,0
DA:16,0
DA:18,0
DA:19,0
DA:22,0
DA:23,0
DA:24,0
DA:26,0
DA:27,0
DA:31,0
DA:34,0
DA:35,0
DA:36,0
DA:38,0
DA:39,0
DA:46,0
DA:48,0
LF:21
LH:4
BRDA:12,0,0,0
BRDA:16,1,0,0
BRDA:16,1,1,0
BRDA:18,2,0,0
BRDA:18,3,0,0
BRDA:18,3,1,0
BRDA:26,4,0,0
BRDA:34,5,0,0
BRDA:35,6,0,0
BRDA:35,6,1,0
BRDA:38,7,0,0
BRF:11
BRH:0
end_of_record
TN:
SF:src/core/common/index.ts
FNF:0
FNH:0
DA:2,1
DA:5,1
DA:8,1
DA:11,1
DA:14,1
DA:17,1
DA:18,1
LF:7
LH:7
BRF:0
BRH:0
end_of_record
TN:
SF:src/core/common/controller/base.controller.ts
FN:32,(anonymous_2)
FN:37,(anonymous_3)
FN:62,(anonymous_4)
FN:84,(anonymous_5)
FN:92,(anonymous_6)
FN:143,(anonymous_7)
FN:167,(anonymous_8)
FN:191,(anonymous_9)
FN:233,(anonymous_10)
FN:238,(anonymous_11)
FN:241,(anonymous_12)
FN:251,(anonymous_13)
FN:260,(anonymous_14)
FN:261,(anonymous_15)
FN:264,(anonymous_16)
FN:275,(anonymous_17)
FNF:16
FNH:0
FNDA:0,(anonymous_2)
FNDA:0,(anonymous_3)
FNDA:0,(anonymous_4)
FNDA:0,(anonymous_5)
FNDA:0,(anonymous_6)
FNDA:0,(anonymous_7)
FNDA:0,(anonymous_8)
FNDA:0,(anonymous_9)
FNDA:0,(anonymous_10)
FNDA:0,(anonymous_11)
FNDA:0,(anonymous_12)
FNDA:0,(anonymous_13)
FNDA:0,(anonymous_14)
FNDA:0,(anonymous_15)
FNDA:0,(anonymous_16)
FNDA:0,(anonymous_17)
DA:1,1
DA:2,1
DA:3,1
DA:9,1
DA:10,1
DA:13,1
DA:23,1
DA:28,1
DA:32,0
DA:33,0
DA:34,0
DA:43,0
DA:44,0
DA:45,0
DA:46,0
DA:49,0
DA:62,1
DA:63,0
DA:64,0
DA:65,0
DA:69,0
DA:84,1
DA:85,0
DA:87,0
DA:88,0
DA:90,0
DA:91,0
DA:92,0
DA:94,0
DA:95,0
DA:99,0
DA:102,0
DA:103,0
DA:105,0
DA:106,0
DA:107,0
DA:108,0
DA:109,0
DA:111,0
DA:115,0
DA:116,0
DA:118,0
DA:130,0
DA:143,1
DA:144,0
DA:145,0
DA:146,0
DA:147,0
DA:148,0
DA:150,0
DA:154,0
DA:167,1
DA:168,0
DA:169,0
DA:170,0
DA:171,0
DA:172,0
DA:174,0
DA:178,0
DA:191,1
DA:192,0
DA:193,0
DA:194,0
DA:195,0
DA:196,0
DA:198,0
DA:199,0
DA:200,0
DA:202,0
DA:205,0
DA:206,0
DA:210,0
DA:213,0
DA:214,0
DA:215,0
DA:216,0
DA:225,0
DA:234,0
DA:235,0
DA:236,0
DA:238,0
DA:242,0
DA:252,0
DA:254,0
DA:261,0
DA:265,0
DA:269,0
DA:270,0
DA:272,0
DA:276,0
LF:90
LH:13
BRDA:45,0,0,0
BRDA:45,1,0,0
BRDA:45,1,1,0
BRDA:90,2,0,0
BRDA:92,3,0,0
BRDA:92,3,1,0
BRDA:105,4,0,0
BRDA:105,4,1,0
BRDA:107,5,0,0
BRDA:107,5,1,0
BRDA:115,6,0,0
BRDA:115,6,1,0
BRDA:116,7,0,0
BRDA:116,7,1,0
BRDA:146,8,0,0
BRDA:170,9,0,0
BRDA:194,10,0,0
BRDA:195,11,0,0
BRDA:195,11,1,0
BRDA:205,12,0,0
BRDA:205,12,1,0
BRDA:213,13,0,0
BRDA:213,13,1,0
BRDA:215,14,0,0
BRDA:215,14,1,0
BRDA:221,15,0,0
BRDA:221,15,1,0
BRDA:235,16,0,0
BRDA:235,16,1,0
BRDA:240,17,0,0
BRDA:240,17,1,0
BRDA:265,18,0,0
BRDA:265,18,1,0
BRDA:267,19,0,0
BRDA:267,19,1,0
BRDA:270,20,0,0
BRDA:270,20,1,0
BRDA:276,21,0,0
BRDA:276,21,1,0
BRDA:62,22,0,0
BRDA:62,22,1,1
BRDA:62,23,0,1
BRDA:62,23,1,0
BRDA:62,24,0,0
BRDA:62,24,1,1
BRDA:62,25,0,1
BRDA:62,25,1,0
BRDA:62,26,0,0
BRDA:62,26,1,1
BRDA:62,27,0,1
BRDA:62,27,1,0
BRDA:62,28,0,1
BRDA:62,28,1,0
BRDA:62,29,0,1
BRDA:62,29,1,1
BRDA:84,30,0,0
BRDA:84,30,1,1
BRDA:84,31,0,1
BRDA:84,31,1,0
BRDA:84,32,0,0
BRDA:84,32,1,1
BRDA:84,33,0,1
BRDA:84,33,1,0
BRDA:84,34,0,0
BRDA:84,34,1,1
BRDA:84,35,0,1
BRDA:84,35,1,0
BRDA:84,36,0,1
BRDA:84,36,1,0
BRDA:84,37,0,1
BRDA:84,37,1,1
BRDA:143,38,0,0
BRDA:143,38,1,1
BRDA:143,39,0,1
BRDA:143,39,1,0
BRDA:143,40,0,0
BRDA:143,40,1,1
BRDA:143,41,0,1
BRDA:143,41,1,0
BRDA:143,42,0,0
BRDA:143,42,1,1
BRDA:143,43,0,1
BRDA:143,43,1,0
BRDA:143,44,0,1
BRDA:143,44,1,0
BRDA:143,45,0,1
BRDA:143,45,1,1
BRDA:167,46,0,0
BRDA:167,46,1,1
BRDA:167,47,0,1
BRDA:167,47,1,0
BRDA:167,48,0,0
BRDA:167,48,1,1
BRDA:167,49,0,1
BRDA:167,49,1,0
BRDA:167,50,0,0
BRDA:167,50,1,1
BRDA:167,51,0,1
BRDA:167,51,1,0
BRDA:167,52,0,1
BRDA:167,52,1,0
BRDA:167,53,0,1
BRDA:167,53,1,1
BRDA:191,54,0,0
BRDA:191,54,1,1
BRDA:191,55,0,1
BRDA:191,55,1,0
BRDA:191,56,0,0
BRDA:191,56,1,1
BRDA:191,57,0,1
BRDA:191,57,1,0
BRDA:191,58,0,1
BRDA:191,58,1,0
BRDA:191,59,0,1
BRDA:191,59,1,1
BRDA:32,60,0,0
BRDA:32,60,1,1
BRDA:32,61,0,1
BRDA:32,61,1,0
BRF:119
BRH:45
end_of_record
TN:
SF:src/core/common/dao/base.dao.ts
FN:21,(anonymous_0)
FN:33,(anonymous_1)
FN:43,(anonymous_2)
FN:56,(anonymous_3)
FN:66,(anonymous_4)
FN:79,(anonymous_5)
FN:109,(anonymous_6)
FN:139,(anonymous_7)
FN:149,(anonymous_8)
FN:159,(anonymous_9)
FNF:10
FNH:0
FNDA:0,(anonymous_0)
FNDA:0,(anonymous_1)
FNDA:0,(anonymous_2)
FNDA:0,(anonymous_3)
FNDA:0,(anonymous_4)
FNDA:0,(anonymous_5)
FNDA:0,(anonymous_6)
FNDA:0,(anonymous_7)
FNDA:0,(anonymous_8)
FNDA:0,(anonymous_9)
DA:18,1
DA:22,0
DA:23,0
DA:25,0
DA:34,0
DA:35,0
DA:44,0
DA:48,0
DA:57,0
DA:58,0
DA:67,0
DA:71,0
DA:82,0
DA:83,0
DA:86,0
DA:89,0
DA:90,0
DA:94,0
DA:97,0
DA:100,0
DA:113,0
DA:118,0
DA:119,0
DA:120,0
DA:121,0
DA:123,0
DA:126,0
DA:127,0
DA:128,0
DA:131,0
DA:140,0
DA:141,0
DA:150,0
DA:151,0
DA:160,0
DA:164,0
LF:36
LH:1
BRDA:82,0,0,0
BRDA:82,1,0,0
BRDA:82,1,1,0
BRDA:89,2,0,0
BRDA:118,3,0,0
BRDA:118,4,0,0
BRDA:118,4,1,0
BRDA:120,5,0,0
BRDA:127,6,0,0
BRF:9
BRH:0
end_of_record
TN:
SF:src/core/common/decorators/middleware.decorator.ts
FN:9,UseMiddleware
FN:10,(anonymous_1)
FNF:2
FNH:2
FNDA:1,UseMiddleware
FNDA:1,(anonymous_1)
DA:1,1
DA:3,1
DA:9,1
DA:10,1
DA:11,1
DA:14,0
DA:15,0
DA:23,1
DA:24,1
LF:9
LH:7
BRDA:11,0,0,0
BRDA:11,0,1,1
BRDA:14,1,0,0
BRDA:14,1,1,0
BRDA:23,2,0,1
BRDA:23,2,1,1
BRF:6
BRH:3
end_of_record
TN:
SF:src/core/common/decorators/param.decorator.ts
FN:19,getValidatableClass
FN:43,(anonymous_1)
FN:70,resolveDtoClass
FN:93,Body
FN:94,(anonymous_4)
FN:118,Query
FN:119,(anonymous_6)
FN:138,Param
FN:139,(anonymous_8)
FN:180,Params
FN:181,(anonymous_10)
FNF:11
FNH:0
FNDA:0,getValidatableClass
FNDA:0,(anonymous_1)
FNDA:0,resolveDtoClass
FNDA:0,Body
FNDA:0,(anonymous_4)
FNDA:0,Query
FNDA:0,(anonymous_6)
FNDA:0,Param
FNDA:0,(anonymous_8)
FNDA:0,Params
FNDA:0,(anonymous_10)
DA:1,1
DA:3,1
DA:4,1
DA:5,1
DA:6,1
DA:20,0
DA:22,0
DA:23,0
DA:24,0
DA:28,0
DA:29,0
DA:32,0
DA:33,0
DA:37,0
DA:38,0
DA:42,0
DA:43,0
DA:44,0
DA:47,0
DA:48,0
DA:53,0
DA:58,0
DA:61,0
DA:71,0
DA:72,0
DA:73,0
DA:74,0
DA:78,0
DA:79,0
DA:80,0
DA:81,0
DA:85,0
DA:93,1
DA:94,0
DA:96,0
DA:99,0
DA:100,0
DA:102,0
DA:103,0
DA:105,0
DA:118,1
DA:119,0
DA:121,0
DA:124,0
DA:125,0
DA:126,0
DA:128,0
DA:129,0
DA:138,1
DA:139,0
DA:141,0
DA:144,0
DA:145,0
DA:149,0
DA:150,0
DA:151,0
DA:152,0
DA:153,0
DA:154,0
DA:156,0
DA:159,0
DA:166,0
DA:180,1
DA:181,0
DA:183,0
DA:186,0
DA:187,0
DA:190,0
DA:193,0
DA:199,0
LF:70
LH:9
BRDA:20,0,0,0
BRDA:20,1,0,0
BRDA:20,1,1,0
BRDA:23,2,0,0
BRDA:29,3,0,0
BRDA:32,4,0,0
BRDA:32,5,0,0
BRDA:32,5,1,0
BRDA:32,5,2,0
BRDA:37,6,0,0
BRDA:37,7,0,0
BRDA:37,7,1,0
BRDA:42,8,0,0
BRDA:42,9,0,0
BRDA:42,9,1,0
BRDA:44,10,0,0
BRDA:44,10,1,0
BRDA:47,11,0,0
BRDA:53,12,0,0
BRDA:53,13,0,0
BRDA:53,13,1,0
BRDA:53,13,2,0
BRDA:53,13,3,0
BRDA:53,13,4,0
BRDA:71,14,0,0
BRDA:73,15,0,0
BRDA:78,16,0,0
BRDA:80,17,0,0
BRDA:96,18,0,0
BRDA:96,18,1,0
BRDA:99,19,0,0
BRDA:99,19,1,0
BRDA:121,20,0,0
BRDA:121,20,1,0
BRDA:124,21,0,0
BRDA:124,21,1,0
BRDA:141,22,0,0
BRDA:141,22,1,0
BRDA:144,23,0,0
BRDA:144,23,1,0
BRDA:149,24,0,0
BRDA:149,24,1,0
BRDA:151,25,0,0
BRDA:151,25,1,0
BRDA:153,26,0,0
BRDA:153,26,1,0
BRDA:183,27,0,0
BRDA:183,27,1,0
BRDA:186,28,0,0
BRDA:186,28,1,0
BRF:50
BRH:0
end_of_record
TN:
SF:src/core/common/decorators/route.decorator.ts
FN:19,Controller
FN:23,(anonymous_1)
FN:63,createMethodDecorator
FN:68,(anonymous_3)
FN:76,(anonymous_4)
FN:96,(anonymous_5)
FN:106,(anonymous_6)
FN:112,(anonymous_7)
FN:118,(anonymous_8)
FN:124,(anonymous_9)
FN:178,createControllerRouter
FN:195,(anonymous_11)
FN:200,(anonymous_12)
FN:204,(anonymous_13)
FN:214,(anonymous_14)
FN:248,getControllerMetadata
FN:258,getControllerRoutes
FN:267,getRouteMetadata
FN:270,(anonymous_18)
FN:271,(anonymous_19)
FNF:20
FNH:6
FNDA:2,Controller
FNDA:2,(anonymous_1)
FNDA:4,createMethodDecorator
FNDA:7,(anonymous_3)
FNDA:7,(anonymous_4)
FNDA:2,(anonymous_5)
FNDA:0,(anonymous_6)
FNDA:0,(anonymous_7)
FNDA:0,(anonymous_8)
FNDA:0,(anonymous_9)
FNDA:0,createControllerRouter
FNDA:0,(anonymous_11)
FNDA:0,(anonymous_12)
FNDA:0,(anonymous_13)
FNDA:0,(anonymous_14)
FNDA:0,getControllerMetadata
FNDA:0,getControllerRoutes
FNDA:0,getRouteMetadata
FNDA:0,(anonymous_18)
FNDA:0,(anonymous_19)
DA:1,1
DA:4,1
DA:10,1
DA:11,1
DA:12,1
DA:19,1
DA:23,2
DA:24,2
DA:25,2
DA:28,2
DA:29,0
DA:30,0
DA:38,2
DA:51,2
DA:52,0
DA:63,1
DA:68,4
DA:72,7
DA:74,7
DA:76,7
DA:77,7
DA:78,7
DA:81,7
DA:82,7
DA:83,7
DA:84,7
DA:85,7
DA:88,7
DA:96,7
DA:98,2
DA:99,2
DA:100,2
DA:102,2
DA:103,2
DA:106,2
DA:107,0
DA:108,0
DA:112,2
DA:113,0
DA:114,0
DA:118,2
DA:119,0
DA:120,0
DA:124,2
DA:125,0
DA:126,0
DA:130,2
DA:133,0
DA:134,0
DA:137,2
DA:143,7
DA:145,7
DA:150,7
DA:152,7
DA:166,7
DA:167,7
DA:178,1
DA:179,0
DA:180,0
DA:181,0
DA:184,0
DA:186,0
DA:190,0
DA:193,0
DA:196,0
DA:201,0
DA:204,0
DA:205,0
DA:206,0
DA:209,0
DA:212,0
DA:215,0
DA:216,0
DA:217,0
DA:218,0
DA:219,0
DA:223,0
DA:229,0
DA:231,0
DA:237,0
DA:240,0
DA:248,1
DA:250,0
DA:258,1
DA:259,0
DA:267,1
DA:268,0
DA:269,0
DA:270,0
DA:271,0
DA:280,1
DA:281,1
DA:282,1
DA:283,1
LF:94
LH:51
BRDA:20,0,0,1
BRDA:21,1,0,2
BRDA:28,2,0,0
BRDA:28,3,0,2
BRDA:28,3,1,0
BRDA:29,4,0,0
BRDA:29,4,1,0
BRDA:43,5,0,2
BRDA:43,5,1,2
BRDA:44,6,0,0
BRDA:44,6,1,2
BRDA:44,7,0,2
BRDA:44,7,1,2
BRDA:51,8,0,0
BRDA:65,9,0,4
BRDA:66,10,0,4
BRDA:69,11,0,0
BRDA:72,12,0,7
BRDA:72,12,1,0
BRDA:74,13,0,0
BRDA:74,13,1,7
BRDA:81,14,0,7
BRDA:81,14,1,0
BRDA:82,15,0,7
BRDA:82,15,1,7
BRDA:83,16,0,7
BRDA:83,16,1,7
BRDA:84,17,0,7
BRDA:84,17,1,7
BRDA:85,18,0,7
BRDA:85,18,1,7
BRDA:89,19,0,7
BRDA:89,19,1,7
BRDA:89,19,2,0
BRDA:90,20,0,7
BRDA:90,20,1,7
BRDA:90,20,2,0
BRDA:91,21,0,7
BRDA:91,21,1,7
BRDA:91,21,2,0
BRDA:92,22,0,7
BRDA:92,22,1,7
BRDA:92,22,2,0
BRDA:133,23,0,0
BRDA:133,24,0,0
BRDA:133,24,1,0
BRDA:143,25,0,7
BRDA:143,25,1,2
BRDA:145,26,0,7
BRDA:145,26,1,0
BRDA:146,27,0,7
BRDA:146,27,1,7
BRDA:150,28,0,7
BRDA:150,28,1,7
BRDA:161,29,0,7
BRDA:161,29,1,7
BRDA:178,30,0,0
BRDA:181,31,0,0
BRDA:181,31,1,0
BRDA:184,32,0,0
BRDA:190,33,0,0
BRDA:190,33,1,0
BRDA:196,34,0,0
BRDA:196,34,1,0
BRDA:196,34,2,0
BRDA:205,35,0,0
BRDA:205,35,1,0
BRDA:206,36,0,0
BRDA:206,36,1,0
BRDA:209,37,0,0
BRDA:209,37,1,0
BRDA:209,38,0,0
BRDA:209,38,1,0
BRDA:216,39,0,0
BRDA:218,40,0,0
BRDA:229,41,0,0
BRDA:250,42,0,0
BRDA:250,42,1,0
BRDA:259,43,0,0
BRDA:259,43,1,0
BRDA:272,44,0,0
BRDA:272,44,1,0
BRDA:273,45,0,0
BRDA:273,45,1,0
BRDA:275,46,0,0
BRDA:275,46,1,0
BRF:86
BRH:38
end_of_record
TN:
SF:src/core/common/di/component.decorator.ts
FN:23,Component
FN:24,(anonymous_1)
FN:31,getComponentMetadata
FNF:3
FNH:2
FNDA:5,Component
FNDA:5,(anonymous_1)
FNDA:0,getComponentMetadata
DA:4,1
DA:6,1
DA:13,1
DA:14,1
DA:23,1
DA:24,5
DA:25,5
DA:26,5
DA:27,5
DA:31,1
DA:32,0
LF:11
LH:10
BRF:0
BRH:0
end_of_record
TN:
SF:src/core/common/di/di-token.constant.ts
FNF:0
FNH:0
DA:1,1
DA:2,1
LF:2
LH:2
BRF:0
BRH:0
end_of_record
TN:
SF:src/core/common/dto/base-query.dto.ts
FN:31,(anonymous_2)
FNF:1
FNH:0
FNDA:0,(anonymous_2)
DA:1,1
DA:4,1
DA:6,1
DA:9,1
DA:13,1
DA:17,1
DA:21,1
DA:25,1
DA:32,0
DA:33,0
DA:35,0
DA:36,0
LF:12
LH:8
BRDA:31,0,0,0
BRDA:32,1,0,0
BRDA:32,1,1,0
BRDA:33,2,0,0
BRDA:33,2,1,0
BRF:5
BRH:0
end_of_record
TN:
SF:src/core/common/dto/base-response.dto.ts
FN:10,(anonymous_0)
FN:27,(anonymous_1)
FN:46,(anonymous_2)
FN:54,(anonymous_3)
FNF:4
FNH:0
FNDA:0,(anonymous_0)
FNDA:0,(anonymous_1)
FNDA:0,(anonymous_2)
FNDA:0,(anonymous_3)
DA:1,1
DA:11,0
DA:12,0
DA:13,0
DA:14,0
DA:18,1
DA:33,0
DA:34,0
DA:35,0
DA:37,0
DA:38,0
DA:51,0
DA:59,0
LF:13
LH:2
BRDA:29,0,0,0
BRDA:37,1,0,0
BRF:2
BRH:0
end_of_record
TN:
SF:src/core/common/entities/base.entity.ts
FN:16,(anonymous_2)
FN:23,(anonymous_3)
FNF:2
FNH:0
FNDA:0,(anonymous_2)
FNDA:0,(anonymous_3)
DA:1,1
DA:9,1
DA:11,1
DA:16,0
DA:18,1
DA:23,0
DA:25,1
DA:28,1
LF:8
LH:6
BRDA:18,0,0,1
BRDA:18,0,1,0
BRDA:18,1,0,1
BRDA:18,1,1,1
BRDA:25,2,0,1
BRDA:25,2,1,0
BRDA:25,3,0,1
BRDA:25,3,1,1
BRF:8
BRH:6
end_of_record
TN:
SF:src/core/common/exceptions/http.exception.ts
FN:2,(anonymous_0)
FN:14,(anonymous_1)
FN:20,(anonymous_2)
FN:26,(anonymous_3)
FN:32,(anonymous_4)
FN:38,(anonymous_5)
FNF:6
FNH:0
FNDA:0,(anonymous_0)
FNDA:0,(anonymous_1)
FNDA:0,(anonymous_2)
FNDA:0,(anonymous_3)
FNDA:0,(anonymous_4)
FNDA:0,(anonymous_5)
DA:1,1
DA:3,0
DA:4,0
DA:5,0
DA:7,0
DA:8,0
DA:9,0
DA:13,1
DA:15,0
DA:19,1
DA:21,0
DA:25,1
DA:27,0
DA:31,1
DA:33,0
DA:37,1
DA:39,0
LF:17
LH:6
BRDA:14,0,0,0
BRDA:20,1,0,0
BRDA:26,2,0,0
BRDA:32,3,0,0
BRDA:38,4,0,0
BRF:5
BRH:0
end_of_record
TN:
SF:src/core/common/exceptions/validation.exception.ts
FN:11,(anonymous_0)
FN:16,(anonymous_1)
FN:19,(anonymous_2)
FNF:3
FNH:0
FNDA:0,(anonymous_0)
FNDA:0,(anonymous_1)
FNDA:0,(anonymous_2)
DA:1,1
DA:8,1
DA:12,0
DA:13,0
DA:17,0
DA:19,0
DA:20,0
DA:21,0
DA:24,0
DA:25,0
DA:26,0
DA:30,0
LF:12
LH:2
BRDA:20,0,0,0
BRDA:24,1,0,0
BRDA:24,2,0,0
BRDA:24,2,1,0
BRF:4
BRH:0
end_of_record
TN:
SF:src/core/common/factory/query-builder.factory.ts
FN:15,(anonymous_0)
FN:23,(anonymous_1)
FN:35,(anonymous_2)
FN:44,(anonymous_3)
FNF:4
FNH:2
FNDA:1,(anonymous_0)
FNDA:1,(anonymous_1)
FNDA:0,(anonymous_2)
FNDA:0,(anonymous_3)
DA:5,1
DA:6,1
DA:11,1
DA:13,1
DA:16,1
DA:17,1
DA:24,1
DA:25,1
DA:27,1
DA:36,0
DA:45,0
DA:46,0
DA:47,0
DA:49,0
DA:53,1
LF:15
LH:10
BRDA:24,0,0,1
BRDA:46,1,0,0
BRF:2
BRH:1
end_of_record
TN:
SF:src/core/common/factory/query-builders/mongodb-query.builder.ts
FN:9,(anonymous_0)
FN:20,(anonymous_1)
FN:46,(anonymous_2)
FNF:3
FNH:0
FNDA:0,(anonymous_0)
FNDA:0,(anonymous_1)
FNDA:0,(anonymous_2)
DA:3,1
DA:10,0
DA:11,0
DA:12,0
DA:15,0
DA:16,0
DA:20,0
DA:21,0
DA:22,0
DA:26,0
DA:27,0
DA:31,0
DA:32,0
DA:33,0
DA:34,0
DA:37,0
DA:38,0
DA:43,0
DA:47,0
LF:19
LH:1
BRDA:10,0,0,0
BRDA:10,1,0,0
BRDA:15,2,0,0
BRDA:21,3,0,0
BRDA:21,4,0,0
BRDA:21,4,1,0
BRDA:26,5,0,0
BRDA:31,6,0,0
BRDA:31,6,1,0
BRDA:32,7,0,0
BRDA:32,7,1,0
BRDA:37,8,0,0
BRDA:39,9,0,0
BRDA:39,9,1,0
BRF:14
BRH:0
end_of_record
TN:
SF:src/core/common/factory/query-builders/typeorm-query.builder.ts
FN:27,(anonymous_0)
FN:38,(anonymous_1)
FN:70,(anonymous_2)
FNF:3
FNH:0
FNDA:0,(anonymous_0)
FNDA:0,(anonymous_1)
FNDA:0,(anonymous_2)
DA:1,1
DA:21,1
DA:28,0
DA:29,0
DA:30,0
DA:33,0
DA:34,0
DA:38,0
DA:39,0
DA:40,0
DA:44,0
DA:45,0
DA:49,0
DA:50,0
DA:51,0
DA:52,0
DA:55,0
DA:56,0
DA:61,0
DA:71,0
LF:20
LH:2
BRDA:28,0,0,0
BRDA:28,1,0,0
BRDA:33,2,0,0
BRDA:39,3,0,0
BRDA:39,4,0,0
BRDA:39,4,1,0
BRDA:44,5,0,0
BRDA:49,6,0,0
BRDA:49,6,1,0
BRDA:50,7,0,0
BRDA:50,7,1,0
BRDA:55,8,0,0
BRDA:57,9,0,0
BRDA:57,9,1,0
BRF:14
BRH:0
end_of_record
TN:
SF:src/core/common/router/base.router.ts
FN:18,(anonymous_0)
FN:28,(anonymous_1)
FN:36,(anonymous_2)
FN:105,(anonymous_3)
FN:112,(anonymous_4)
FN:117,(anonymous_5)
FN:120,(anonymous_6)
FN:130,(anonymous_7)
FN:141,(anonymous_8)
FN:142,(anonymous_9)
FN:149,(anonymous_10)
FN:160,(anonymous_11)
FNF:12
FNH:0
FNDA:0,(anonymous_0)
FNDA:0,(anonymous_1)
FNDA:0,(anonymous_2)
FNDA:0,(anonymous_3)
FNDA:0,(anonymous_4)
FNDA:0,(anonymous_5)
FNDA:0,(anonymous_6)
FNDA:0,(anonymous_7)
FNDA:0,(anonymous_8)
FNDA:0,(anonymous_9)
FNDA:0,(anonymous_10)
FNDA:0,(anonymous_11)
DA:1,1
DA:2,1
DA:8,1
DA:14,1
DA:18,0
DA:19,0
DA:20,0
DA:21,0
DA:29,0
DA:37,0
DA:106,0
DA:113,0
DA:114,0
DA:115,0
DA:117,0
DA:121,0
DA:131,0
DA:132,0
DA:133,0
DA:135,0
DA:142,0
DA:150,0
DA:154,0
DA:155,0
DA:157,0
DA:161,0
LF:26
LH:4
BRDA:114,0,0,0
BRDA:114,0,1,0
BRDA:119,1,0,0
BRDA:119,1,1,0
BRDA:150,2,0,0
BRDA:150,2,1,0
BRDA:152,3,0,0
BRDA:152,3,1,0
BRDA:155,4,0,0
BRDA:155,4,1,0
BRDA:161,5,0,0
BRDA:161,5,1,0
BRF:12
BRH:0
end_of_record
TN:
SF:src/core/common/service/base.service.ts
FN:13,(anonymous_0)
FN:22,(anonymous_1)
FN:32,(anonymous_2)
FN:42,(anonymous_3)
FN:53,(anonymous_4)
FN:77,(anonymous_5)
FN:90,(anonymous_6)
FN:103,(anonymous_7)
FN:116,(anonymous_8)
FNF:9
FNH:0
FNDA:0,(anonymous_0)
FNDA:0,(anonymous_1)
FNDA:0,(anonymous_2)
FNDA:0,(anonymous_3)
FNDA:0,(anonymous_4)
FNDA:0,(anonymous_5)
FNDA:0,(anonymous_6)
FNDA:0,(anonymous_7)
FNDA:0,(anonymous_8)
DA:10,1
DA:14,0
DA:23,0
DA:24,0
DA:33,0
DA:34,0
DA:43,0
DA:44,0
DA:57,0
DA:58,0
DA:62,0
DA:64,0
DA:68,0
DA:81,0
DA:82,0
DA:91,0
DA:92,0
DA:93,0
DA:95,0
DA:104,0
DA:105,0
DA:106,0
DA:108,0
DA:117,0
DA:118,0
LF:25
LH:1
BRDA:57,0,0,0
BRDA:92,1,0,0
BRDA:95,2,0,0
BRDA:95,2,1,0
BRDA:105,3,0,0
BRDA:108,4,0,0
BRDA:108,4,1,0
BRF:7
BRH:0
end_of_record
TN:
SF:src/core/middleware/validation.middleware.ts
FN:14,createValidationMiddleware
FN:18,(anonymous_1)
FN:133,convertQueryParams
FN:179,(anonymous_3)
FN:193,(anonymous_4)
FN:233,validatePrimitiveParam
FNF:6
FNH:0
FNDA:0,createValidationMiddleware
FNDA:0,(anonymous_1)
FNDA:0,convertQueryParams
FNDA:0,(anonymous_3)
FNDA:0,(anonymous_4)
FNDA:0,validatePrimitiveParam
DA:1,1
DA:2,1
DA:6,1
DA:14,1
DA:18,0
DA:19,0
DA:20,0
DA:21,0
DA:23,0
DA:24,0
DA:26,0
DA:29,0
DA:30,0
DA:31,0
DA:35,0
DA:37,0
DA:38,0
DA:44,0
DA:45,0
DA:49,0
DA:50,0
DA:51,0
DA:53,0
DA:59,0
DA:60,0
DA:63,0
DA:66,0
DA:68,0
DA:70,0
DA:72,0
DA:73,0
DA:79,0
DA:82,0
DA:84,0
DA:88,0
DA:92,0
DA:94,0
DA:100,0
DA:101,0
DA:106,0
DA:107,0
DA:108,0
DA:111,0
DA:116,0
DA:117,0
DA:120,0
DA:122,0
DA:134,0
DA:135,0
DA:138,0
DA:141,0
DA:142,0
DA:143,0
DA:147,0
DA:154,0
DA:155,0
DA:159,0
DA:161,0
DA:162,0
DA:164,0
DA:165,0
DA:166,0
DA:170,0
DA:171,0
DA:172,0
DA:175,0
DA:177,0
DA:179,0
DA:180,0
DA:193,0
DA:194,0
DA:200,0
DA:202,0
DA:203,0
DA:204,0
DA:205,0
DA:209,0
DA:211,0
DA:212,0
DA:213,0
DA:214,0
DA:219,0
DA:223,0
DA:239,0
DA:240,0
DA:251,0
DA:253,0
DA:254,0
DA:266,0
DA:268,0
DA:269,0
DA:270,0
DA:281,0
DA:284,0
DA:285,0
DA:286,0
DA:296,0
DA:300,0
DA:301,0
DA:302,0
DA:303,0
DA:304,0
DA:308,0
DA:309,0
DA:312,0
DA:323,0
LF:106
LH:4
BRDA:24,0,0,0
BRDA:29,1,0,0
BRDA:29,2,0,0
BRDA:29,2,1,0
BRDA:37,3,0,0
BRDA:49,4,0,0
BRDA:50,5,0,0
BRDA:50,5,1,0
BRDA:59,6,0,0
BRDA:68,7,0,0
BRDA:68,7,1,0
BRDA:72,8,0,0
BRDA:88,9,0,0
BRDA:88,9,1,0
BRDA:100,10,0,0
BRDA:106,11,0,0
BRDA:106,11,1,0
BRDA:106,12,0,0
BRDA:106,12,1,0
BRDA:116,13,0,0
BRDA:134,14,0,0
BRDA:134,15,0,0
BRDA:134,15,1,0
BRDA:134,15,2,0
BRDA:142,16,0,0
BRDA:154,17,0,0
BRDA:154,18,0,0
BRDA:154,18,1,0
BRDA:162,19,0,0
BRDA:164,20,0,0
BRDA:164,20,1,0
BRDA:171,21,0,0
BRDA:171,22,0,0
BRDA:171,22,1,0
BRDA:180,23,0,0
BRDA:180,23,1,0
BRDA:180,23,2,0
BRDA:180,23,3,0
BRDA:180,23,4,0
BRDA:180,23,5,0
BRDA:180,23,6,0
BRDA:180,23,7,0
BRDA:180,23,8,0
BRDA:180,23,9,0
BRDA:194,24,0,0
BRDA:194,24,1,0
BRDA:194,24,2,0
BRDA:194,24,3,0
BRDA:200,25,0,0
BRDA:200,25,1,0
BRDA:202,26,0,0
BRDA:204,27,0,0
BRDA:204,28,0,0
BRDA:204,28,1,0
BRDA:209,29,0,0
BRDA:211,30,0,0
BRDA:211,30,1,0
BRDA:211,31,0,0
BRDA:211,31,1,0
BRDA:211,31,2,0
BRDA:211,31,3,0
BRDA:213,32,0,0
BRDA:213,33,0,0
BRDA:213,33,1,0
BRDA:213,33,2,0
BRDA:213,33,3,0
BRDA:239,34,0,0
BRDA:239,35,0,0
BRDA:239,35,1,0
BRDA:251,36,0,0
BRDA:251,36,1,0
BRDA:251,36,2,0
BRDA:251,36,3,0
BRDA:253,37,0,0
BRDA:269,38,0,0
BRDA:269,39,0,0
BRDA:269,39,1,0
BRDA:285,40,0,0
BRDA:300,41,0,0
BRDA:301,42,0,0
BRDA:301,42,1,0
BRDA:303,43,0,0
BRDA:308,44,0,0
BRF:83
BRH:0
end_of_record
TN:
SF:src/modules/auth/service/auth.service.ts
FN:28,(anonymous_5)
FN:30,(anonymous_6)
FN:48,(anonymous_7)
FN:57,(anonymous_8)
FN:65,(anonymous_9)
FN:77,(anonymous_10)
FNF:6
FNH:0
FNDA:0,(anonymous_5)
FNDA:0,(anonymous_6)
FNDA:0,(anonymous_7)
FNDA:0,(anonymous_8)
FNDA:0,(anonymous_9)
FNDA:0,(anonymous_10)
DA:1,1
DA:2,1
DA:11,1
DA:14,1
DA:17,1
DA:20,1
DA:23,1
DA:24,0
DA:25,0
DA:26,0
DA:28,0
DA:31,0
DA:33,0
DA:34,0
DA:37,0
DA:39,0
DA:40,0
DA:44,0
DA:45,0
DA:49,0
DA:51,0
DA:58,0
DA:61,0
DA:62,0
DA:66,0
DA:78,0
DA:79,0
DA:81,0
LF:28
LH:7
BRDA:33,0,0,0
BRDA:39,1,0,0
BRDA:28,2,0,1
BRDA:28,2,1,0
BRDA:28,3,0,1
BRDA:28,3,1,1
BRF:6
BRH:3
end_of_record
TN:
SF:src/modules/health/controller/health.controller.ts
FN:12,(anonymous_2)
FN:21,(anonymous_3)
FN:38,(anonymous_4)
FNF:3
FNH:3
FNDA:1,(anonymous_2)
FNDA:1,(anonymous_3)
FNDA:1,(anonymous_4)
DA:1,1
DA:4,1
DA:5,1
DA:6,1
DA:7,1
DA:11,1
DA:12,1
DA:21,1
DA:22,1
DA:23,1
DA:24,1
DA:26,1
DA:38,1
DA:39,1
DA:40,1
DA:42,1
LF:16
LH:16
BRDA:21,0,0,0
BRDA:21,0,1,1
BRDA:21,1,0,1
BRDA:21,1,1,0
BRDA:21,2,0,0
BRDA:21,2,1,1
BRDA:21,3,0,1
BRDA:21,3,1,0
BRDA:21,4,0,1
BRDA:21,4,1,0
BRDA:21,5,0,1
BRDA:21,5,1,1
BRDA:38,6,0,0
BRDA:38,6,1,1
BRDA:38,7,0,1
BRDA:38,7,1,0
BRDA:38,8,0,0
BRDA:38,8,1,1
BRDA:38,9,0,1
BRDA:38,9,1,0
BRDA:38,10,0,0
BRDA:38,10,1,1
BRDA:38,11,0,1
BRDA:38,11,1,0
BRDA:38,12,0,1
BRDA:38,12,1,0
BRDA:38,13,0,1
BRDA:38,13,1,1
BRDA:12,14,0,1
BRDA:12,14,1,0
BRDA:12,15,0,1
BRDA:12,15,1,1
BRF:32
BRH:19
end_of_record
TN:
SF:src/modules/health/service/health.service.ts
FN:14,(anonymous_3)
FN:23,(anonymous_4)
FN:46,(anonymous_5)
FN:82,(anonymous_6)
FNF:4
FNH:0
FNDA:0,(anonymous_3)
FNDA:0,(anonymous_4)
FNDA:0,(anonymous_5)
FNDA:0,(anonymous_6)
DA:1,1
DA:2,1
DA:3,1
DA:4,1
DA:10,1
DA:15,0
DA:16,0
DA:28,0
DA:29,0
DA:30,0
DA:31,0
DA:32,0
DA:33,0
DA:35,0
DA:61,0
DA:83,0
DA:84,0
DA:86,0
DA:87,0
DA:89,0
LF:20
LH:5
BRDA:16,0,0,0
BRDA:16,0,1,0
BRDA:37,1,0,0
BRDA:37,1,1,0
BRDA:87,2,0,0
BRDA:87,2,1,0
BRDA:101,3,0,0
BRDA:101,3,1,0
BRDA:103,4,0,0
BRDA:103,4,1,0
BRF:10
BRH:0
end_of_record
TN:
SF:src/modules/user/entities/user.entity.ts
FNF:0
FNH:0
DA:1,1
DA:4,1
DA:7,1
DA:9,1
DA:12,1
DA:15,1
DA:18,1
LF:7
LH:7
BRF:0
BRH:0
end_of_record
TN:
SF:src/modules/user/repository/user.repository.ts
FN:18,(anonymous_2)
FN:28,(anonymous_3)
FN:42,(anonymous_4)
FN:58,(anonymous_5)
FNF:4
FNH:0
FNDA:0,(anonymous_2)
FNDA:0,(anonymous_3)
FNDA:0,(anonymous_4)
FNDA:0,(anonymous_5)
DA:1,1
DA:2,1
DA:5,1
DA:8,1
DA:14,1
DA:17,1
DA:19,0
DA:20,0
DA:29,0
DA:35,0
DA:43,0
DA:49,0
DA:59,0
DA:64,0
DA:65,0
DA:68,0
DA:69,0
LF:17
LH:6
BRDA:64,0,0,0
BRF:1
BRH:0
end_of_record
TN:
SF:src/modules/user/service/user.service.ts
FN:27,(anonymous_5)
FN:31,(anonymous_6)
FN:38,(anonymous_7)
FN:59,(anonymous_8)
FN:67,(anonymous_9)
FN:81,(anonymous_10)
FN:86,(anonymous_11)
FN:91,(anonymous_12)
FN:96,(anonymous_13)
FN:104,(anonymous_14)
FNF:10
FNH:0
FNDA:0,(anonymous_5)
FNDA:0,(anonymous_6)
FNDA:0,(anonymous_7)
FNDA:0,(anonymous_8)
FNDA:0,(anonymous_9)
FNDA:0,(anonymous_10)
FNDA:0,(anonymous_11)
FNDA:0,(anonymous_12)
FNDA:0,(anonymous_13)
FNDA:0,(anonymous_14)
DA:1,1
DA:2,1
DA:8,1
DA:11,1
DA:14,1
DA:17,1
DA:24,1
DA:25,0
DA:27,0
DA:28,0
DA:32,0
DA:33,0
DA:35,0
DA:39,0
DA:40,0
DA:44,0
DA:45,0
DA:48,0
DA:49,0
DA:50,0
DA:51,0
DA:53,0
DA:60,0
DA:61,0
DA:68,0
DA:69,0
DA:70,0
DA:73,0
DA:74,0
DA:75,0
DA:78,0
DA:82,0
DA:83,0
DA:87,0
DA:88,0
DA:92,0
DA:93,0
DA:97,0
DA:98,0
DA:99,0
DA:101,0
DA:105,0
LF:42
LH:7
BRDA:32,0,0,0
BRDA:32,1,0,0
BRDA:32,1,1,0
BRDA:39,2,0,0
BRDA:39,3,0,0
BRDA:39,3,1,0
BRDA:44,4,0,0
BRDA:50,5,0,0
BRDA:69,6,0,0
BRDA:74,7,0,0
BRDA:98,8,0,0
BRDA:27,9,0,1
BRDA:27,9,1,0
BRDA:27,10,0,1
BRDA:27,10,1,1
BRF:15
BRH:3
end_of_record
